{"/Users/pwner/Desktop/ricco/skf-flask-rebuild/Angular/src/polyfills.ts": {"path":"/Users/pwner/Desktop/ricco/skf-flask-rebuild/Angular/src/polyfills.ts","statementMap":{"0":{"start":{"line":44,"column":0},"end":{"line":44,"column":29}},"1":{"start":{"line":45,"column":0},"end":{"line":45,"column":29}},"2":{"start":{"line":56,"column":0},"end":{"line":56,"column":27}}},"fnMap":{},"branchMap":{},"s":{"0":1,"1":1,"2":1},"f":{},"b":{}}
,"/Users/pwner/Desktop/ricco/skf-flask-rebuild/Angular/src/test.ts": {"path":"/Users/pwner/Desktop/ricco/skf-flask-rebuild/Angular/src/test.ts","statementMap":{"0":{"start":{"line":3,"column":0},"end":{"line":3,"column":44}},"1":{"start":{"line":4,"column":0},"end":{"line":4,"column":31}},"2":{"start":{"line":5,"column":0},"end":{"line":5,"column":32}},"3":{"start":{"line":6,"column":0},"end":{"line":6,"column":36}},"4":{"start":{"line":7,"column":0},"end":{"line":7,"column":33}},"5":{"start":{"line":8,"column":0},"end":{"line":8,"column":38}},"6":{"start":{"line":9,"column":0},"end":{"line":9,"column":50}},"7":{"start":{"line":10,"column":0},"end":{"line":13,"column":50}},"8":{"start":{"line":20,"column":0},"end":{"line":20,"column":34}},"9":{"start":{"line":23,"column":0},"end":{"line":26,"column":2}},"10":{"start":{"line":28,"column":16},"end":{"line":28,"column":58}},"11":{"start":{"line":30,"column":0},"end":{"line":30,"column":28}},"12":{"start":{"line":32,"column":0},"end":{"line":32,"column":18}}},"fnMap":{"0":{"name":"(anonymous_0)","decl":{"start":{"line":20,"column":19},"end":{"line":20,"column":31}},"loc":{"start":{"line":20,"column":19},"end":{"line":20,"column":33}}}},"branchMap":{},"s":{"0":1,"1":1,"2":1,"3":1,"4":1,"5":1,"6":1,"7":1,"8":1,"9":1,"10":1,"11":1,"12":1},"f":{"0":1},"b":{}}
,"/Users/pwner/Desktop/ricco/skf-flask-rebuild/Angular/src/app/app.component.ts": {"path":"/Users/pwner/Desktop/ricco/skf-flask-rebuild/Angular/src/app/app.component.ts","statementMap":{"0":{"start":{"line":1,"column":0},"end":{"line":1,"column":49}},"1":{"start":{"line":2,"column":0},"end":{"line":2,"column":59}},"2":{"start":{"line":3,"column":0},"end":{"line":3,"column":59}},"3":{"start":{"line":4,"column":0},"end":{"line":4,"column":70}},"4":{"start":{"line":13,"column":25},"end":{"line":13,"column":0}},"5":{"start":{"line":14,"column":22},"end":{"line":14,"column":61}},"6":{"start":{"line":17,"column":2},"end":{"line":22,"column":3}},"7":{"start":{"line":17,"column":2},"end":{"line":22,"column":2}},"8":{"start":{"line":18,"column":4},"end":{"line":21,"column":6}},"9":{"start":{"line":19,"column":6},"end":{"line":19,"column":39}},"10":{"start":{"line":23,"column":0},"end":{"line":23,"column":1}},"11":{"start":{"line":13,"column":13},"end":{"line":23,"column":1}},"12":{"start":{"line":13,"column":13},"end":{"line":13,"column":25}}},"fnMap":{"0":{"name":"(anonymous_2)","decl":{"start":{"line":13,"column":25},"end":{"line":null,"column":-1}},"loc":{"start":{"line":13,"column":25},"end":{"line":13,"column":0}}},"1":{"name":"AppComponent","decl":{"start":{"line":14,"column":2},"end":{"line":14,"column":21}},"loc":{"start":{"line":14,"column":61},"end":{"line":14,"column":66}}},"2":{"name":"(anonymous_4)","decl":{"start":{"line":17,"column":2},"end":{"line":null,"column":-1}},"loc":{"start":{"line":17,"column":2},"end":{"line":22,"column":3}}},"3":{"name":"(anonymous_5)","decl":{"start":{"line":18,"column":56},"end":{"line":18,"column":55}},"loc":{"start":{"line":18,"column":67},"end":{"line":20,"column":5}}}},"branchMap":{"0":{"loc":{"start":{"line":14,"column":61},"end":{"line":null,"column":-1}},"type":"binary-expr","locations":[{"start":{"line":14,"column":61},"end":{"line":null,"column":-1}},{"start":{"line":14,"column":61},"end":{"line":null,"column":-1}}]},"1":{"loc":{"start":{"line":14,"column":41},"end":{"line":14,"column":61}},"type":"binary-expr","locations":[{"start":{"line":14,"column":41},"end":{"line":14,"column":61}}]}},"s":{"0":1,"1":1,"2":1,"3":1,"4":1,"5":1,"6":1,"7":0,"8":0,"9":0,"10":1,"11":1,"12":1},"f":{"0":1,"1":1,"2":0,"3":0},"b":{"0":[1,0],"1":[1]}}
,"/Users/pwner/Desktop/ricco/skf-flask-rebuild/Angular/src/app/globals.ts": {"path":"/Users/pwner/Desktop/ricco/skf-flask-rebuild/Angular/src/app/globals.ts","statementMap":{"0":{"start":{"line":2,"column":0},"end":{"line":null,"column":-1}},"1":{"start":{"line":5,"column":0},"end":{"line":5,"column":1}},"2":{"start":{"line":3,"column":17},"end":{"line":3,"column":67}},"3":{"start":{"line":4,"column":17},"end":{"line":4,"column":55}},"4":{"start":{"line":2,"column":13},"end":{"line":2,"column":24}},"5":{"start":{"line":7,"column":0},"end":{"line":7,"column":22}}},"fnMap":{"0":{"name":"(anonymous_0)","decl":{"start":{"line":2,"column":0},"end":{"line":null,"column":-1}},"loc":{"start":{"line":2,"column":0},"end":{"line":2,"column":-1}}}},"branchMap":{},"s":{"0":1,"1":1,"2":1,"3":1,"4":1,"5":1},"f":{"0":1},"b":{}}
,"/Users/pwner/Desktop/ricco/skf-flask-rebuild/Angular/src/app/authenticate/authenticate.component.ts": {"path":"/Users/pwner/Desktop/ricco/skf-flask-rebuild/Angular/src/app/authenticate/authenticate.component.ts","statementMap":{"0":{"start":{"line":1,"column":0},"end":{"line":1,"column":41}},"1":{"start":{"line":2,"column":0},"end":{"line":2,"column":70}},"2":{"start":{"line":10,"column":34},"end":{"line":10,"column":0}},"3":{"start":{"line":16,"column":21},"end":{"line":16,"column":62}},"4":{"start":{"line":13,"column":9},"end":{"line":13,"column":30}},"5":{"start":{"line":18,"column":2},"end":{"line":34,"column":3}},"6":{"start":{"line":18,"column":2},"end":{"line":34,"column":2}},"7":{"start":{"line":19,"column":4},"end":{"line":19,"column":23}},"8":{"start":{"line":20,"column":4},"end":{"line":20,"column":20}},"9":{"start":{"line":22,"column":4},"end":{"line":22,"column":93}},"10":{"start":{"line":22,"column":26},"end":{"line":22,"column":46}},"11":{"start":{"line":22,"column":47},"end":{"line":22,"column":91}},"12":{"start":{"line":23,"column":4},"end":{"line":23,"column":93}},"13":{"start":{"line":23,"column":26},"end":{"line":23,"column":46}},"14":{"start":{"line":23,"column":47},"end":{"line":23,"column":91}},"15":{"start":{"line":24,"column":4},"end":{"line":24,"column":41}},"16":{"start":{"line":24,"column":32},"end":{"line":24,"column":39}},"17":{"start":{"line":26,"column":4},"end":{"line":33,"column":8}},"18":{"start":{"line":28,"column":8},"end":{"line":32,"column":75}},"19":{"start":{"line":29,"column":10},"end":{"line":29,"column":80}},"20":{"start":{"line":30,"column":10},"end":{"line":30,"column":63}},"21":{"start":{"line":31,"column":10},"end":{"line":31,"column":40}},"22":{"start":{"line":32,"column":17},"end":{"line":32,"column":73}},"23":{"start":{"line":35,"column":0},"end":{"line":35,"column":1}},"24":{"start":{"line":10,"column":13},"end":{"line":35,"column":1}},"25":{"start":{"line":10,"column":13},"end":{"line":10,"column":34}}},"fnMap":{"0":{"name":"(anonymous_2)","decl":{"start":{"line":10,"column":34},"end":{"line":null,"column":-1}},"loc":{"start":{"line":10,"column":34},"end":{"line":10,"column":0}}},"1":{"name":"AuthenticateComponent","decl":{"start":{"line":16,"column":2},"end":{"line":16,"column":20}},"loc":{"start":{"line":16,"column":62},"end":{"line":16,"column":67}}},"2":{"name":"(anonymous_4)","decl":{"start":{"line":18,"column":2},"end":{"line":null,"column":-1}},"loc":{"start":{"line":18,"column":2},"end":{"line":34,"column":3}}},"3":{"name":"(anonymous_5)","decl":{"start":{"line":27,"column":6},"end":{"line":27,"column":5}},"loc":{"start":{"line":27,"column":14},"end":{"line":33,"column":7}}}},"branchMap":{"0":{"loc":{"start":{"line":22,"column":4},"end":{"line":22,"column":93}},"type":"if","locations":[{"start":{"line":22,"column":4},"end":{"line":22,"column":93}},{"start":{"line":22,"column":4},"end":{"line":22,"column":93}}]},"1":{"loc":{"start":{"line":23,"column":4},"end":{"line":23,"column":93}},"type":"if","locations":[{"start":{"line":23,"column":4},"end":{"line":23,"column":93}},{"start":{"line":23,"column":4},"end":{"line":23,"column":93}}]},"2":{"loc":{"start":{"line":24,"column":4},"end":{"line":24,"column":41}},"type":"if","locations":[{"start":{"line":24,"column":4},"end":{"line":24,"column":41}},{"start":{"line":24,"column":4},"end":{"line":24,"column":41}}]},"3":{"loc":{"start":{"line":28,"column":8},"end":{"line":32,"column":75}},"type":"if","locations":[{"start":{"line":28,"column":8},"end":{"line":32,"column":75}},{"start":{"line":28,"column":8},"end":{"line":32,"column":75}}]},"4":{"loc":{"start":{"line":16,"column":62},"end":{"line":null,"column":-1}},"type":"binary-expr","locations":[{"start":{"line":16,"column":62},"end":{"line":null,"column":-1}},{"start":{"line":16,"column":62},"end":{"line":null,"column":-1}}]},"5":{"loc":{"start":{"line":16,"column":43},"end":{"line":16,"column":62}},"type":"binary-expr","locations":[{"start":{"line":16,"column":43},"end":{"line":16,"column":62}}]}},"s":{"0":1,"1":1,"2":1,"3":3,"4":3,"5":1,"6":2,"7":2,"8":2,"9":2,"10":1,"11":1,"12":2,"13":1,"14":1,"15":2,"16":2,"17":0,"18":0,"19":0,"20":0,"21":0,"22":0,"23":1,"24":1,"25":1},"f":{"0":1,"1":3,"2":2,"3":0},"b":{"0":[1,1],"1":[1,1],"2":[2,0],"3":[0,0],"4":[1,0],"5":[1]}}
,"/Users/pwner/Desktop/ricco/skf-flask-rebuild/Angular/src/app/code-examples/code-examples.component.ts": {"path":"/Users/pwner/Desktop/ricco/skf-flask-rebuild/Angular/src/app/code-examples/code-examples.component.ts","statementMap":{"0":{"start":{"line":1,"column":0},"end":{"line":1,"column":70}},"1":{"start":{"line":2,"column":0},"end":{"line":2,"column":70}},"2":{"start":{"line":5,"column":0},"end":{"line":5,"column":58}},"3":{"start":{"line":16,"column":34},"end":{"line":16,"column":0}},"4":{"start":{"line":22,"column":22},"end":{"line":22,"column":47}},"5":{"start":{"line":22,"column":57},"end":{"line":22,"column":95}},"6":{"start":{"line":22,"column":105},"end":{"line":22,"column":119}},"7":{"start":{"line":23,"column":4},"end":{"line":23,"column":49}},"8":{"start":{"line":26,"column":2},"end":{"line":32,"column":3}},"9":{"start":{"line":26,"column":2},"end":{"line":32,"column":2}},"10":{"start":{"line":27,"column":4},"end":{"line":31,"column":71}},"11":{"start":{"line":29,"column":8},"end":{"line":29,"column":36}},"12":{"start":{"line":31,"column":13},"end":{"line":31,"column":70}},"13":{"start":{"line":34,"column":2},"end":{"line":42,"column":3}},"14":{"start":{"line":34,"column":2},"end":{"line":42,"column":2}},"15":{"start":{"line":35,"column":4},"end":{"line":40,"column":5}},"16":{"start":{"line":36,"column":6},"end":{"line":36,"column":51}},"17":{"start":{"line":37,"column":6},"end":{"line":39,"column":73}},"18":{"start":{"line":38,"column":33},"end":{"line":38,"column":61}},"19":{"start":{"line":39,"column":15},"end":{"line":39,"column":72}},"20":{"start":{"line":41,"column":4},"end":{"line":41,"column":49}},"21":{"start":{"line":44,"column":2},"end":{"line":46,"column":3}},"22":{"start":{"line":45,"column":4},"end":{"line":45,"column":88}},"23":{"start":{"line":47,"column":0},"end":{"line":null,"column":-1}},"24":{"start":{"line":16,"column":13},"end":{"line":47,"column":0}},"25":{"start":{"line":16,"column":13},"end":{"line":16,"column":34}}},"fnMap":{"0":{"name":"(anonymous_2)","decl":{"start":{"line":16,"column":34},"end":{"line":null,"column":-1}},"loc":{"start":{"line":16,"column":34},"end":{"line":16,"column":0}}},"1":{"name":"CodeExamplesComponent","decl":{"start":{"line":22,"column":2},"end":{"line":22,"column":21}},"loc":{"start":{"line":22,"column":119},"end":{"line":24,"column":3}}},"2":{"name":"(anonymous_4)","decl":{"start":{"line":26,"column":2},"end":{"line":null,"column":-1}},"loc":{"start":{"line":26,"column":2},"end":{"line":32,"column":3}}},"3":{"name":"(anonymous_5)","decl":{"start":{"line":28,"column":17},"end":{"line":28,"column":16}},"loc":{"start":{"line":28,"column":25},"end":{"line":30,"column":7}}},"4":{"name":"(anonymous_6)","decl":{"start":{"line":31,"column":6},"end":{"line":31,"column":5}},"loc":{"start":{"line":31,"column":9},"end":{"line":31,"column":70}}},"5":{"name":"(anonymous_7)","decl":{"start":{"line":34,"column":2},"end":{"line":null,"column":-1}},"loc":{"start":{"line":34,"column":2},"end":{"line":42,"column":3}}},"6":{"name":"(anonymous_8)","decl":{"start":{"line":38,"column":19},"end":{"line":38,"column":18}},"loc":{"start":{"line":38,"column":27},"end":{"line":38,"column":63}}},"7":{"name":"(anonymous_9)","decl":{"start":{"line":39,"column":8},"end":{"line":39,"column":7}},"loc":{"start":{"line":39,"column":11},"end":{"line":39,"column":72}}},"8":{"name":"(anonymous_10)","decl":{"start":{"line":44,"column":2},"end":{"line":null,"column":-1}},"loc":{"start":{"line":44,"column":2},"end":{"line":46,"column":3}}}},"branchMap":{"0":{"loc":{"start":{"line":35,"column":4},"end":{"line":40,"column":5}},"type":"if","locations":[{"start":{"line":35,"column":4},"end":{"line":40,"column":5}},{"start":{"line":35,"column":4},"end":{"line":40,"column":5}}]},"1":{"loc":{"start":{"line":22,"column":47},"end":{"line":22,"column":76}},"type":"binary-expr","locations":[{"start":{"line":22,"column":47},"end":{"line":22,"column":76}},{"start":{"line":22,"column":47},"end":{"line":22,"column":76}}]},"2":{"loc":{"start":{"line":22,"column":28},"end":{"line":22,"column":47}},"type":"binary-expr","locations":[{"start":{"line":22,"column":28},"end":{"line":22,"column":47}}]},"3":{"loc":{"start":{"line":22,"column":47},"end":{"line":22,"column":95}},"type":"binary-expr","locations":[{"start":{"line":22,"column":47},"end":{"line":22,"column":95}},{"start":{"line":22,"column":95},"end":{"line":22,"column":108}},{"start":{"line":22,"column":95},"end":{"line":22,"column":108}}]},"4":{"loc":{"start":{"line":22,"column":47},"end":{"line":22,"column":95}},"type":"binary-expr","locations":[{"start":{"line":22,"column":47},"end":{"line":22,"column":95}},{"start":{"line":22,"column":77},"end":{"line":22,"column":95}}]},"5":{"loc":{"start":{"line":22,"column":95},"end":{"line":22,"column":119}},"type":"binary-expr","locations":[{"start":{"line":22,"column":95},"end":{"line":22,"column":119}},{"start":{"line":22,"column":119},"end":{"line":null,"column":-1}},{"start":{"line":22,"column":119},"end":{"line":null,"column":-1}}]},"6":{"loc":{"start":{"line":22,"column":95},"end":{"line":22,"column":119}},"type":"binary-expr","locations":[{"start":{"line":22,"column":95},"end":{"line":22,"column":119}},{"start":{"line":22,"column":109},"end":{"line":22,"column":119}}]}},"s":{"0":1,"1":1,"2":1,"3":1,"4":2,"5":2,"6":2,"7":2,"8":1,"9":2,"10":2,"11":0,"12":2,"13":1,"14":3,"15":3,"16":1,"17":1,"18":0,"19":1,"20":3,"21":1,"22":0,"23":1,"24":1,"25":1},"f":{"0":1,"1":2,"2":2,"3":0,"4":2,"5":3,"6":0,"7":1,"8":0},"b":{"0":[1,2],"1":[1,0],"2":[1],"3":[1,1,0],"4":[1,1],"5":[1,1,0],"6":[1,1]}}
,"/Users/pwner/Desktop/ricco/skf-flask-rebuild/Angular/src/app/dashboard/dashboard.component.ts": {"path":"/Users/pwner/Desktop/ricco/skf-flask-rebuild/Angular/src/app/dashboard/dashboard.component.ts","statementMap":{"0":{"start":{"line":1,"column":0},"end":{"line":1,"column":49}},"1":{"start":{"line":8,"column":31},"end":{"line":8,"column":0}},"2":{"start":{"line":12,"column":2},"end":{"line":13,"column":3}},"3":{"start":{"line":15,"column":0},"end":{"line":15,"column":1}},"4":{"start":{"line":8,"column":13},"end":{"line":15,"column":1}},"5":{"start":{"line":8,"column":13},"end":{"line":8,"column":31}}},"fnMap":{"0":{"name":"(anonymous_2)","decl":{"start":{"line":8,"column":31},"end":{"line":null,"column":-1}},"loc":{"start":{"line":8,"column":31},"end":{"line":8,"column":0}}},"1":{"name":"DashboardComponent","decl":{"start":{"line":10,"column":2},"end":{"line":null,"column":-1}},"loc":{"start":{"line":10,"column":2},"end":{"line":10,"column":19}}},"2":{"name":"(anonymous_4)","decl":{"start":{"line":12,"column":2},"end":{"line":null,"column":-1}},"loc":{"start":{"line":12,"column":2},"end":{"line":13,"column":3}}}},"branchMap":{},"s":{"0":1,"1":1,"2":1,"3":1,"4":1,"5":1},"f":{"0":1,"1":1,"2":1},"b":{}}
,"/Users/pwner/Desktop/ricco/skf-flask-rebuild/Angular/src/app/first-login/first-login.component.ts": {"path":"/Users/pwner/Desktop/ricco/skf-flask-rebuild/Angular/src/app/first-login/first-login.component.ts","statementMap":{"0":{"start":{"line":1,"column":0},"end":{"line":1,"column":41}},"1":{"start":{"line":2,"column":0},"end":{"line":2,"column":39}},"2":{"start":{"line":4,"column":0},"end":{"line":4,"column":69}},"3":{"start":{"line":10,"column":32},"end":{"line":10,"column":0}},"4":{"start":{"line":12,"column":22},"end":{"line":12,"column":51}},"5":{"start":{"line":12,"column":61},"end":{"line":12,"column":75}},"6":{"start":{"line":20,"column":9},"end":{"line":20,"column":24}},"7":{"start":{"line":21,"column":9},"end":{"line":21,"column":29}},"8":{"start":{"line":24,"column":2},"end":{"line":39,"column":3}},"9":{"start":{"line":24,"column":2},"end":{"line":39,"column":2}},"10":{"start":{"line":25,"column":4},"end":{"line":25,"column":19}},"11":{"start":{"line":26,"column":4},"end":{"line":26,"column":23}},"12":{"start":{"line":27,"column":4},"end":{"line":27,"column":87}},"13":{"start":{"line":27,"column":20},"end":{"line":27,"column":40}},"14":{"start":{"line":27,"column":41},"end":{"line":27,"column":86}},"15":{"start":{"line":28,"column":4},"end":{"line":28,"column":93}},"16":{"start":{"line":28,"column":23},"end":{"line":28,"column":43}},"17":{"start":{"line":28,"column":44},"end":{"line":28,"column":92}},"18":{"start":{"line":29,"column":4},"end":{"line":29,"column":97}},"19":{"start":{"line":29,"column":25},"end":{"line":29,"column":45}},"20":{"start":{"line":29,"column":46},"end":{"line":29,"column":96}},"21":{"start":{"line":30,"column":4},"end":{"line":30,"column":99}},"22":{"start":{"line":30,"column":26},"end":{"line":30,"column":46}},"23":{"start":{"line":30,"column":47},"end":{"line":30,"column":98}},"24":{"start":{"line":31,"column":4},"end":{"line":31,"column":93}},"25":{"start":{"line":31,"column":23},"end":{"line":31,"column":43}},"26":{"start":{"line":31,"column":44},"end":{"line":31,"column":92}},"27":{"start":{"line":32,"column":4},"end":{"line":32,"column":89}},"28":{"start":{"line":32,"column":21},"end":{"line":32,"column":41}},"29":{"start":{"line":32,"column":42},"end":{"line":32,"column":88}},"30":{"start":{"line":34,"column":4},"end":{"line":34,"column":37}},"31":{"start":{"line":34,"column":29},"end":{"line":34,"column":36}},"32":{"start":{"line":36,"column":4},"end":{"line":38,"column":48}},"33":{"start":{"line":37,"column":13},"end":{"line":37,"column":89}},"34":{"start":{"line":38,"column":13},"end":{"line":38,"column":45}},"35":{"start":{"line":40,"column":0},"end":{"line":40,"column":1}},"36":{"start":{"line":10,"column":13},"end":{"line":40,"column":1}},"37":{"start":{"line":10,"column":13},"end":{"line":10,"column":32}}},"fnMap":{"0":{"name":"(anonymous_2)","decl":{"start":{"line":10,"column":32},"end":{"line":null,"column":-1}},"loc":{"start":{"line":10,"column":32},"end":{"line":10,"column":0}}},"1":{"name":"FirstLoginComponent","decl":{"start":{"line":12,"column":2},"end":{"line":12,"column":21}},"loc":{"start":{"line":12,"column":75},"end":{"line":12,"column":80}}},"2":{"name":"(anonymous_4)","decl":{"start":{"line":24,"column":2},"end":{"line":null,"column":-1}},"loc":{"start":{"line":24,"column":2},"end":{"line":39,"column":3}}},"3":{"name":"(anonymous_5)","decl":{"start":{"line":36,"column":131},"end":{"line":36,"column":130}},"loc":{"start":{"line":36,"column":135},"end":{"line":36,"column":141}}},"4":{"name":"(anonymous_6)","decl":{"start":{"line":37,"column":6},"end":{"line":37,"column":5}},"loc":{"start":{"line":37,"column":9},"end":{"line":37,"column":89}}},"5":{"name":"(anonymous_7)","decl":{"start":{"line":38,"column":6},"end":{"line":38,"column":12}},"loc":{"start":{"line":38,"column":6},"end":{"line":38,"column":46}}}},"branchMap":{"0":{"loc":{"start":{"line":27,"column":4},"end":{"line":27,"column":87}},"type":"if","locations":[{"start":{"line":27,"column":4},"end":{"line":27,"column":87}},{"start":{"line":27,"column":4},"end":{"line":27,"column":87}}]},"1":{"loc":{"start":{"line":28,"column":4},"end":{"line":28,"column":93}},"type":"if","locations":[{"start":{"line":28,"column":4},"end":{"line":28,"column":93}},{"start":{"line":28,"column":4},"end":{"line":28,"column":93}}]},"2":{"loc":{"start":{"line":29,"column":4},"end":{"line":29,"column":97}},"type":"if","locations":[{"start":{"line":29,"column":4},"end":{"line":29,"column":97}},{"start":{"line":29,"column":4},"end":{"line":29,"column":97}}]},"3":{"loc":{"start":{"line":30,"column":4},"end":{"line":30,"column":99}},"type":"if","locations":[{"start":{"line":30,"column":4},"end":{"line":30,"column":99}},{"start":{"line":30,"column":4},"end":{"line":30,"column":99}}]},"4":{"loc":{"start":{"line":31,"column":4},"end":{"line":31,"column":93}},"type":"if","locations":[{"start":{"line":31,"column":4},"end":{"line":31,"column":93}},{"start":{"line":31,"column":4},"end":{"line":31,"column":93}}]},"5":{"loc":{"start":{"line":32,"column":4},"end":{"line":32,"column":89}},"type":"if","locations":[{"start":{"line":32,"column":4},"end":{"line":32,"column":89}},{"start":{"line":32,"column":4},"end":{"line":32,"column":89}}]},"6":{"loc":{"start":{"line":34,"column":4},"end":{"line":34,"column":37}},"type":"if","locations":[{"start":{"line":34,"column":4},"end":{"line":34,"column":37}},{"start":{"line":34,"column":4},"end":{"line":34,"column":37}}]},"7":{"loc":{"start":{"line":12,"column":51},"end":{"line":12,"column":68}},"type":"binary-expr","locations":[{"start":{"line":12,"column":51},"end":{"line":12,"column":68}},{"start":{"line":12,"column":51},"end":{"line":12,"column":68}}]},"8":{"loc":{"start":{"line":12,"column":32},"end":{"line":12,"column":51}},"type":"binary-expr","locations":[{"start":{"line":12,"column":32},"end":{"line":12,"column":51}}]},"9":{"loc":{"start":{"line":12,"column":51},"end":{"line":12,"column":75}},"type":"binary-expr","locations":[{"start":{"line":12,"column":51},"end":{"line":12,"column":75}},{"start":{"line":12,"column":75},"end":{"line":null,"column":-1}},{"start":{"line":12,"column":75},"end":{"line":null,"column":-1}}]},"10":{"loc":{"start":{"line":12,"column":51},"end":{"line":12,"column":75}},"type":"binary-expr","locations":[{"start":{"line":12,"column":51},"end":{"line":12,"column":75}},{"start":{"line":12,"column":69},"end":{"line":12,"column":75}}]}},"s":{"0":1,"1":1,"2":1,"3":1,"4":2,"5":2,"6":2,"7":2,"8":1,"9":1,"10":1,"11":1,"12":1,"13":1,"14":1,"15":1,"16":1,"17":1,"18":1,"19":1,"20":1,"21":1,"22":1,"23":1,"24":1,"25":1,"26":1,"27":1,"28":1,"29":1,"30":1,"31":1,"32":0,"33":0,"34":0,"35":1,"36":1,"37":1},"f":{"0":1,"1":2,"2":1,"3":0,"4":0,"5":0},"b":{"0":[1,0],"1":[1,0],"2":[1,0],"3":[1,0],"4":[1,0],"5":[1,0],"6":[1,0],"7":[1,0],"8":[1],"9":[1,1,0],"10":[1,1]}}
,"/Users/pwner/Desktop/ricco/skf-flask-rebuild/Angular/src/app/footer/footer.component.ts": {"path":"/Users/pwner/Desktop/ricco/skf-flask-rebuild/Angular/src/app/footer/footer.component.ts","statementMap":{"0":{"start":{"line":1,"column":0},"end":{"line":1,"column":49}},"1":{"start":{"line":8,"column":28},"end":{"line":8,"column":0}},"2":{"start":{"line":9,"column":11},"end":{"line":9,"column":40}},"3":{"start":{"line":13,"column":4},"end":{"line":17,"column":5}},"4":{"start":{"line":14,"column":6},"end":{"line":16,"column":7}},"5":{"start":{"line":15,"column":8},"end":{"line":15,"column":31}},"6":{"start":{"line":18,"column":0},"end":{"line":18,"column":1}},"7":{"start":{"line":8,"column":13},"end":{"line":18,"column":1}},"8":{"start":{"line":8,"column":13},"end":{"line":8,"column":28}}},"fnMap":{"0":{"name":"(anonymous_2)","decl":{"start":{"line":8,"column":28},"end":{"line":null,"column":-1}},"loc":{"start":{"line":8,"column":28},"end":{"line":8,"column":0}}},"1":{"name":"FooterComponent","decl":{"start":{"line":11,"column":4},"end":{"line":null,"column":-1}},"loc":{"start":{"line":11,"column":4},"end":{"line":11,"column":19}}},"2":{"name":"(anonymous_4)","decl":{"start":{"line":13,"column":4},"end":{"line":null,"column":-1}},"loc":{"start":{"line":13,"column":4},"end":{"line":17,"column":5}}}},"branchMap":{"0":{"loc":{"start":{"line":14,"column":6},"end":{"line":16,"column":7}},"type":"if","locations":[{"start":{"line":14,"column":6},"end":{"line":16,"column":7}},{"start":{"line":14,"column":6},"end":{"line":16,"column":7}}]}},"s":{"0":1,"1":1,"2":3,"3":1,"4":4,"5":1,"6":1,"7":1,"8":1},"f":{"0":1,"1":3,"2":4},"b":{"0":[1,3]}}
,"/Users/pwner/Desktop/ricco/skf-flask-rebuild/Angular/src/app/guard/guard.service.ts": {"path":"/Users/pwner/Desktop/ricco/skf-flask-rebuild/Angular/src/app/guard/guard.service.ts","statementMap":{"0":{"start":{"line":1,"column":0},"end":{"line":1,"column":42}},"1":{"start":{"line":2,"column":0},"end":{"line":2,"column":53}},"2":{"start":{"line":3,"column":0},"end":{"line":3,"column":40}},"3":{"start":{"line":6,"column":25},"end":{"line":6,"column":0}},"4":{"start":{"line":8,"column":24},"end":{"line":8,"column":38}},"5":{"start":{"line":10,"column":4},"end":{"line":21,"column":5}},"6":{"start":{"line":11,"column":8},"end":{"line":15,"column":9}},"7":{"start":{"line":13,"column":12},"end":{"line":13,"column":33}},"8":{"start":{"line":14,"column":12},"end":{"line":14,"column":32}},"9":{"start":{"line":18,"column":8},"end":{"line":18,"column":41}},"10":{"start":{"line":19,"column":9},"end":{"line":19,"column":31}},"11":{"start":{"line":20,"column":12},"end":{"line":20,"column":32}},"12":{"start":{"line":22,"column":0},"end":{"line":22,"column":1}},"13":{"start":{"line":6,"column":13},"end":{"line":22,"column":1}},"14":{"start":{"line":6,"column":13},"end":{"line":6,"column":25}}},"fnMap":{"0":{"name":"(anonymous_2)","decl":{"start":{"line":6,"column":25},"end":{"line":null,"column":-1}},"loc":{"start":{"line":6,"column":25},"end":{"line":6,"column":0}}},"1":{"name":"GuardService","decl":{"start":{"line":8,"column":4},"end":{"line":8,"column":23}},"loc":{"start":{"line":8,"column":38},"end":{"line":8,"column":43}}},"2":{"name":"(anonymous_4)","decl":{"start":{"line":10,"column":4},"end":{"line":null,"column":-1}},"loc":{"start":{"line":10,"column":4},"end":{"line":21,"column":5}}}},"branchMap":{"0":{"loc":{"start":{"line":11,"column":8},"end":{"line":15,"column":9}},"type":"if","locations":[{"start":{"line":11,"column":8},"end":{"line":15,"column":9}},{"start":{"line":11,"column":8},"end":{"line":15,"column":9}}]},"1":{"loc":{"start":{"line":8,"column":38},"end":{"line":null,"column":-1}},"type":"binary-expr","locations":[{"start":{"line":8,"column":38},"end":{"line":null,"column":-1}},{"start":{"line":8,"column":38},"end":{"line":null,"column":-1}}]},"2":{"loc":{"start":{"line":8,"column":32},"end":{"line":8,"column":38}},"type":"binary-expr","locations":[{"start":{"line":8,"column":32},"end":{"line":8,"column":38}}]}},"s":{"0":1,"1":1,"2":1,"3":1,"4":2,"5":1,"6":1,"7":0,"8":0,"9":1,"10":1,"11":1,"12":1,"13":1,"14":1},"f":{"0":1,"1":2,"2":1},"b":{"0":[0,1],"1":[1,0],"2":[1]}}
,"/Users/pwner/Desktop/ricco/skf-flask-rebuild/Angular/src/app/header/header.component.ts": {"path":"/Users/pwner/Desktop/ricco/skf-flask-rebuild/Angular/src/app/header/header.component.ts","statementMap":{"0":{"start":{"line":1,"column":0},"end":{"line":1,"column":49}},"1":{"start":{"line":2,"column":0},"end":{"line":2,"column":40}},"2":{"start":{"line":3,"column":0},"end":{"line":3,"column":40}},"3":{"start":{"line":9,"column":28},"end":{"line":9,"column":0}},"4":{"start":{"line":11,"column":21},"end":{"line":11,"column":35}},"5":{"start":{"line":21,"column":9},"end":{"line":21,"column":34}},"6":{"start":{"line":22,"column":9},"end":{"line":22,"column":41}},"7":{"start":{"line":24,"column":2},"end":{"line":38,"column":3}},"8":{"start":{"line":25,"column":4},"end":{"line":27,"column":5}},"9":{"start":{"line":26,"column":6},"end":{"line":26,"column":29}},"10":{"start":{"line":29,"column":4},"end":{"line":29,"column":26}},"11":{"start":{"line":30,"column":4},"end":{"line":30,"column":23}},"12":{"start":{"line":31,"column":4},"end":{"line":31,"column":24}},"13":{"start":{"line":32,"column":4},"end":{"line":32,"column":25}},"14":{"start":{"line":33,"column":4},"end":{"line":33,"column":27}},"15":{"start":{"line":34,"column":4},"end":{"line":34,"column":23}},"16":{"start":{"line":35,"column":4},"end":{"line":35,"column":22}},"17":{"start":{"line":40,"column":2},"end":{"line":49,"column":3}},"18":{"start":{"line":41,"column":4},"end":{"line":41,"column":25}},"19":{"start":{"line":42,"column":4},"end":{"line":42,"column":23}},"20":{"start":{"line":43,"column":4},"end":{"line":43,"column":24}},"21":{"start":{"line":44,"column":4},"end":{"line":44,"column":25}},"22":{"start":{"line":45,"column":4},"end":{"line":45,"column":27}},"23":{"start":{"line":46,"column":4},"end":{"line":46,"column":23}},"24":{"start":{"line":47,"column":4},"end":{"line":47,"column":22}},"25":{"start":{"line":51,"column":2},"end":{"line":59,"column":3}},"26":{"start":{"line":52,"column":4},"end":{"line":52,"column":26}},"27":{"start":{"line":53,"column":4},"end":{"line":53,"column":22}},"28":{"start":{"line":54,"column":4},"end":{"line":54,"column":24}},"29":{"start":{"line":55,"column":4},"end":{"line":55,"column":25}},"30":{"start":{"line":56,"column":4},"end":{"line":56,"column":27}},"31":{"start":{"line":57,"column":4},"end":{"line":57,"column":23}},"32":{"start":{"line":58,"column":4},"end":{"line":58,"column":22}},"33":{"start":{"line":61,"column":2},"end":{"line":69,"column":3}},"34":{"start":{"line":62,"column":4},"end":{"line":62,"column":26}},"35":{"start":{"line":63,"column":4},"end":{"line":63,"column":23}},"36":{"start":{"line":64,"column":4},"end":{"line":64,"column":23}},"37":{"start":{"line":65,"column":4},"end":{"line":65,"column":25}},"38":{"start":{"line":66,"column":4},"end":{"line":66,"column":27}},"39":{"start":{"line":67,"column":4},"end":{"line":67,"column":23}},"40":{"start":{"line":68,"column":4},"end":{"line":68,"column":22}},"41":{"start":{"line":71,"column":2},"end":{"line":79,"column":3}},"42":{"start":{"line":72,"column":4},"end":{"line":72,"column":26}},"43":{"start":{"line":73,"column":4},"end":{"line":73,"column":23}},"44":{"start":{"line":74,"column":4},"end":{"line":74,"column":24}},"45":{"start":{"line":75,"column":4},"end":{"line":75,"column":24}},"46":{"start":{"line":76,"column":4},"end":{"line":76,"column":27}},"47":{"start":{"line":77,"column":4},"end":{"line":77,"column":23}},"48":{"start":{"line":78,"column":4},"end":{"line":78,"column":22}},"49":{"start":{"line":81,"column":2},"end":{"line":89,"column":3}},"50":{"start":{"line":82,"column":4},"end":{"line":82,"column":26}},"51":{"start":{"line":83,"column":4},"end":{"line":83,"column":23}},"52":{"start":{"line":84,"column":4},"end":{"line":84,"column":24}},"53":{"start":{"line":85,"column":4},"end":{"line":85,"column":25}},"54":{"start":{"line":86,"column":4},"end":{"line":86,"column":27}},"55":{"start":{"line":87,"column":4},"end":{"line":87,"column":23}},"56":{"start":{"line":88,"column":4},"end":{"line":88,"column":21}},"57":{"start":{"line":91,"column":2},"end":{"line":99,"column":3}},"58":{"start":{"line":92,"column":4},"end":{"line":92,"column":26}},"59":{"start":{"line":93,"column":4},"end":{"line":93,"column":23}},"60":{"start":{"line":94,"column":4},"end":{"line":94,"column":24}},"61":{"start":{"line":95,"column":4},"end":{"line":95,"column":25}},"62":{"start":{"line":96,"column":4},"end":{"line":96,"column":26}},"63":{"start":{"line":97,"column":4},"end":{"line":97,"column":23}},"64":{"start":{"line":98,"column":4},"end":{"line":98,"column":22}},"65":{"start":{"line":101,"column":2},"end":{"line":109,"column":3}},"66":{"start":{"line":102,"column":4},"end":{"line":102,"column":26}},"67":{"start":{"line":103,"column":4},"end":{"line":103,"column":23}},"68":{"start":{"line":104,"column":4},"end":{"line":104,"column":24}},"69":{"start":{"line":105,"column":4},"end":{"line":105,"column":25}},"70":{"start":{"line":106,"column":4},"end":{"line":106,"column":27}},"71":{"start":{"line":107,"column":4},"end":{"line":107,"column":22}},"72":{"start":{"line":108,"column":4},"end":{"line":108,"column":22}},"73":{"start":{"line":110,"column":2},"end":{"line":115,"column":3}},"74":{"start":{"line":111,"column":4},"end":{"line":111,"column":26}},"75":{"start":{"line":112,"column":4},"end":{"line":112,"column":23}},"76":{"start":{"line":113,"column":4},"end":{"line":113,"column":24}},"77":{"start":{"line":114,"column":4},"end":{"line":114,"column":25}},"78":{"start":{"line":117,"column":2},"end":{"line":120,"column":3}},"79":{"start":{"line":118,"column":4},"end":{"line":118,"column":44}},"80":{"start":{"line":119,"column":4},"end":{"line":119,"column":22}},"81":{"start":{"line":122,"column":2},"end":{"line":125,"column":3}},"82":{"start":{"line":123,"column":4},"end":{"line":123,"column":48}},"83":{"start":{"line":124,"column":4},"end":{"line":124,"column":43}},"84":{"start":{"line":129,"column":2},"end":{"line":129,"column":84}},"85":{"start":{"line":129,"column":22},"end":{"line":129,"column":82}},"86":{"start":{"line":129,"column":43},"end":{"line":129,"column":61}},"87":{"start":{"line":129,"column":71},"end":{"line":129,"column":80}},"88":{"start":{"line":130,"column":2},"end":{"line":130,"column":78}},"89":{"start":{"line":130,"column":19},"end":{"line":130,"column":76}},"90":{"start":{"line":130,"column":37},"end":{"line":130,"column":55}},"91":{"start":{"line":130,"column":65},"end":{"line":130,"column":74}},"92":{"start":{"line":131,"column":2},"end":{"line":131,"column":80}},"93":{"start":{"line":131,"column":20},"end":{"line":131,"column":78}},"94":{"start":{"line":131,"column":39},"end":{"line":131,"column":57}},"95":{"start":{"line":131,"column":67},"end":{"line":131,"column":76}},"96":{"start":{"line":132,"column":2},"end":{"line":132,"column":87}},"97":{"start":{"line":132,"column":24},"end":{"line":132,"column":85}},"98":{"start":{"line":132,"column":46},"end":{"line":132,"column":64}},"99":{"start":{"line":132,"column":74},"end":{"line":132,"column":83}},"100":{"start":{"line":133,"column":2},"end":{"line":133,"column":77}},"101":{"start":{"line":133,"column":19},"end":{"line":133,"column":75}},"102":{"start":{"line":133,"column":36},"end":{"line":133,"column":54}},"103":{"start":{"line":133,"column":64},"end":{"line":133,"column":73}},"104":{"start":{"line":134,"column":2},"end":{"line":134,"column":83}},"105":{"start":{"line":134,"column":24},"end":{"line":134,"column":81}},"106":{"start":{"line":134,"column":42},"end":{"line":134,"column":60}},"107":{"start":{"line":134,"column":70},"end":{"line":134,"column":79}},"108":{"start":{"line":136,"column":0},"end":{"line":136,"column":1}},"109":{"start":{"line":9,"column":13},"end":{"line":136,"column":1}},"110":{"start":{"line":9,"column":13},"end":{"line":9,"column":28}}},"fnMap":{"0":{"name":"(anonymous_2)","decl":{"start":{"line":9,"column":28},"end":{"line":null,"column":-1}},"loc":{"start":{"line":9,"column":28},"end":{"line":9,"column":0}}},"1":{"name":"HeaderComponent","decl":{"start":{"line":11,"column":2},"end":{"line":11,"column":20}},"loc":{"start":{"line":11,"column":35},"end":{"line":11,"column":40}}},"2":{"name":"(anonymous_4)","decl":{"start":{"line":24,"column":2},"end":{"line":null,"column":-1}},"loc":{"start":{"line":24,"column":2},"end":{"line":38,"column":3}}},"3":{"name":"(anonymous_5)","decl":{"start":{"line":40,"column":2},"end":{"line":null,"column":-1}},"loc":{"start":{"line":40,"column":2},"end":{"line":49,"column":3}}},"4":{"name":"(anonymous_6)","decl":{"start":{"line":51,"column":2},"end":{"line":null,"column":-1}},"loc":{"start":{"line":51,"column":2},"end":{"line":59,"column":3}}},"5":{"name":"(anonymous_7)","decl":{"start":{"line":61,"column":2},"end":{"line":null,"column":-1}},"loc":{"start":{"line":61,"column":2},"end":{"line":69,"column":3}}},"6":{"name":"(anonymous_8)","decl":{"start":{"line":71,"column":2},"end":{"line":null,"column":-1}},"loc":{"start":{"line":71,"column":2},"end":{"line":79,"column":3}}},"7":{"name":"(anonymous_9)","decl":{"start":{"line":81,"column":2},"end":{"line":null,"column":-1}},"loc":{"start":{"line":81,"column":2},"end":{"line":89,"column":3}}},"8":{"name":"(anonymous_10)","decl":{"start":{"line":91,"column":2},"end":{"line":null,"column":-1}},"loc":{"start":{"line":91,"column":2},"end":{"line":99,"column":3}}},"9":{"name":"(anonymous_11)","decl":{"start":{"line":101,"column":2},"end":{"line":null,"column":-1}},"loc":{"start":{"line":101,"column":2},"end":{"line":109,"column":3}}},"10":{"name":"(anonymous_12)","decl":{"start":{"line":110,"column":2},"end":{"line":null,"column":-1}},"loc":{"start":{"line":110,"column":2},"end":{"line":115,"column":3}}},"11":{"name":"(anonymous_13)","decl":{"start":{"line":117,"column":2},"end":{"line":null,"column":-1}},"loc":{"start":{"line":117,"column":2},"end":{"line":120,"column":3}}},"12":{"name":"(anonymous_14)","decl":{"start":{"line":122,"column":2},"end":{"line":122,"column":12}},"loc":{"start":{"line":122,"column":29},"end":{"line":125,"column":3}}},"13":{"name":"(anonymous_15)","decl":{"start":{"line":129,"column":2},"end":{"line":129,"column":21}},"loc":{"start":{"line":129,"column":2},"end":{"line":129,"column":84}}},"14":{"name":"(anonymous_16)","decl":{"start":{"line":130,"column":2},"end":{"line":130,"column":18}},"loc":{"start":{"line":130,"column":2},"end":{"line":130,"column":78}}},"15":{"name":"(anonymous_17)","decl":{"start":{"line":131,"column":2},"end":{"line":131,"column":19}},"loc":{"start":{"line":131,"column":2},"end":{"line":131,"column":80}}},"16":{"name":"(anonymous_18)","decl":{"start":{"line":132,"column":2},"end":{"line":132,"column":23}},"loc":{"start":{"line":132,"column":2},"end":{"line":132,"column":87}}},"17":{"name":"(anonymous_19)","decl":{"start":{"line":133,"column":2},"end":{"line":133,"column":18}},"loc":{"start":{"line":133,"column":2},"end":{"line":133,"column":77}}},"18":{"name":"(anonymous_20)","decl":{"start":{"line":134,"column":2},"end":{"line":134,"column":23}},"loc":{"start":{"line":134,"column":2},"end":{"line":134,"column":83}}}},"branchMap":{"0":{"loc":{"start":{"line":25,"column":4},"end":{"line":27,"column":5}},"type":"if","locations":[{"start":{"line":25,"column":4},"end":{"line":27,"column":5}},{"start":{"line":25,"column":4},"end":{"line":27,"column":5}}]},"1":{"loc":{"start":{"line":129,"column":22},"end":{"line":129,"column":82}},"type":"if","locations":[{"start":{"line":129,"column":22},"end":{"line":129,"column":82}},{"start":{"line":129,"column":22},"end":{"line":129,"column":82}}]},"2":{"loc":{"start":{"line":130,"column":19},"end":{"line":130,"column":76}},"type":"if","locations":[{"start":{"line":130,"column":19},"end":{"line":130,"column":76}},{"start":{"line":130,"column":19},"end":{"line":130,"column":76}}]},"3":{"loc":{"start":{"line":131,"column":20},"end":{"line":131,"column":78}},"type":"if","locations":[{"start":{"line":131,"column":20},"end":{"line":131,"column":78}},{"start":{"line":131,"column":20},"end":{"line":131,"column":78}}]},"4":{"loc":{"start":{"line":132,"column":24},"end":{"line":132,"column":85}},"type":"if","locations":[{"start":{"line":132,"column":24},"end":{"line":132,"column":85}},{"start":{"line":132,"column":24},"end":{"line":132,"column":85}}]},"5":{"loc":{"start":{"line":133,"column":19},"end":{"line":133,"column":75}},"type":"if","locations":[{"start":{"line":133,"column":19},"end":{"line":133,"column":75}},{"start":{"line":133,"column":19},"end":{"line":133,"column":75}}]},"6":{"loc":{"start":{"line":134,"column":24},"end":{"line":134,"column":81}},"type":"if","locations":[{"start":{"line":134,"column":24},"end":{"line":134,"column":81}},{"start":{"line":134,"column":24},"end":{"line":134,"column":81}}]},"7":{"loc":{"start":{"line":11,"column":35},"end":{"line":null,"column":-1}},"type":"binary-expr","locations":[{"start":{"line":11,"column":35},"end":{"line":null,"column":-1}},{"start":{"line":11,"column":35},"end":{"line":null,"column":-1}}]},"8":{"loc":{"start":{"line":11,"column":29},"end":{"line":11,"column":35}},"type":"binary-expr","locations":[{"start":{"line":11,"column":29},"end":{"line":11,"column":35}}]}},"s":{"0":1,"1":1,"2":1,"3":1,"4":16,"5":16,"6":16,"7":1,"8":16,"9":0,"10":16,"11":16,"12":16,"13":16,"14":16,"15":16,"16":16,"17":1,"18":1,"19":1,"20":1,"21":1,"22":1,"23":1,"24":1,"25":1,"26":1,"27":1,"28":1,"29":1,"30":1,"31":1,"32":1,"33":1,"34":1,"35":1,"36":1,"37":1,"38":1,"39":1,"40":1,"41":1,"42":1,"43":1,"44":1,"45":1,"46":1,"47":1,"48":1,"49":1,"50":1,"51":1,"52":1,"53":1,"54":1,"55":1,"56":1,"57":1,"58":1,"59":1,"60":1,"61":1,"62":1,"63":1,"64":1,"65":1,"66":1,"67":1,"68":1,"69":1,"70":1,"71":1,"72":1,"73":1,"74":1,"75":1,"76":1,"77":1,"78":1,"79":0,"80":0,"81":1,"82":0,"83":0,"84":1,"85":1,"86":1,"87":0,"88":1,"89":0,"90":0,"91":0,"92":1,"93":1,"94":1,"95":0,"96":1,"97":1,"98":1,"99":0,"100":1,"101":1,"102":1,"103":0,"104":1,"105":2,"106":2,"107":0,"108":1,"109":1,"110":1},"f":{"0":1,"1":16,"2":16,"3":1,"4":1,"5":1,"6":1,"7":1,"8":1,"9":1,"10":1,"11":0,"12":0,"13":1,"14":0,"15":1,"16":1,"17":1,"18":2},"b":{"0":[0,16],"1":[1,0],"2":[0,0],"3":[1,0],"4":[1,0],"5":[1,0],"6":[2,0],"7":[1,0],"8":[1]}}
,"/Users/pwner/Desktop/ricco/skf-flask-rebuild/Angular/src/app/knowledgebase/knowledgebase.component.ts": {"path":"/Users/pwner/Desktop/ricco/skf-flask-rebuild/Angular/src/app/knowledgebase/knowledgebase.component.ts","statementMap":{"0":{"start":{"line":1,"column":0},"end":{"line":1,"column":61}},"1":{"start":{"line":2,"column":0},"end":{"line":2,"column":71}},"2":{"start":{"line":13,"column":35},"end":{"line":13,"column":0}},"3":{"start":{"line":19,"column":21},"end":{"line":19,"column":60}},"4":{"start":{"line":21,"column":2},"end":{"line":23,"column":3}},"5":{"start":{"line":22,"column":4},"end":{"line":22,"column":29}},"6":{"start":{"line":25,"column":2},"end":{"line":29,"column":3}},"7":{"start":{"line":25,"column":2},"end":{"line":29,"column":2}},"8":{"start":{"line":26,"column":4},"end":{"line":28,"column":6}},"9":{"start":{"line":26,"column":71},"end":{"line":26,"column":104}},"10":{"start":{"line":27,"column":13},"end":{"line":27,"column":85}},"11":{"start":{"line":31,"column":0},"end":{"line":31,"column":1}},"12":{"start":{"line":13,"column":13},"end":{"line":31,"column":1}},"13":{"start":{"line":13,"column":13},"end":{"line":13,"column":35}}},"fnMap":{"0":{"name":"(anonymous_2)","decl":{"start":{"line":13,"column":35},"end":{"line":null,"column":-1}},"loc":{"start":{"line":13,"column":35},"end":{"line":13,"column":0}}},"1":{"name":"KnowledgebaseComponent","decl":{"start":{"line":19,"column":2},"end":{"line":19,"column":20}},"loc":{"start":{"line":19,"column":60},"end":{"line":19,"column":65}}},"2":{"name":"(anonymous_4)","decl":{"start":{"line":21,"column":2},"end":{"line":null,"column":-1}},"loc":{"start":{"line":21,"column":2},"end":{"line":23,"column":3}}},"3":{"name":"(anonymous_5)","decl":{"start":{"line":25,"column":2},"end":{"line":null,"column":-1}},"loc":{"start":{"line":25,"column":2},"end":{"line":29,"column":3}}},"4":{"name":"(anonymous_6)","decl":{"start":{"line":26,"column":56},"end":{"line":26,"column":55}},"loc":{"start":{"line":26,"column":67},"end":{"line":26,"column":104}}},"5":{"name":"(anonymous_7)","decl":{"start":{"line":27,"column":6},"end":{"line":27,"column":5}},"loc":{"start":{"line":27,"column":9},"end":{"line":27,"column":85}}}},"branchMap":{"0":{"loc":{"start":{"line":19,"column":60},"end":{"line":null,"column":-1}},"type":"binary-expr","locations":[{"start":{"line":19,"column":60},"end":{"line":null,"column":-1}},{"start":{"line":19,"column":60},"end":{"line":null,"column":-1}}]},"1":{"loc":{"start":{"line":19,"column":40},"end":{"line":19,"column":60}},"type":"binary-expr","locations":[{"start":{"line":19,"column":40},"end":{"line":19,"column":60}}]}},"s":{"0":1,"1":1,"2":1,"3":3,"4":1,"5":3,"6":1,"7":3,"8":3,"9":0,"10":3,"11":1,"12":1,"13":1},"f":{"0":1,"1":3,"2":3,"3":3,"4":0,"5":3},"b":{"0":[1,0],"1":[1]}}
,"/Users/pwner/Desktop/ricco/skf-flask-rebuild/Angular/src/app/pipes/order-by.pipe.ts": {"path":"/Users/pwner/Desktop/ricco/skf-flask-rebuild/Angular/src/app/pipes/order-by.pipe.ts","statementMap":{"0":{"start":{"line":1,"column":0},"end":{"line":1,"column":49}},"1":{"start":{"line":5,"column":20},"end":{"line":5,"column":0}},"2":{"start":{"line":7,"column":11},"end":{"line":21,"column":5}},"3":{"start":{"line":9,"column":6},"end":{"line":18,"column":7}},"4":{"start":{"line":11,"column":8},"end":{"line":11,"column":56}},"5":{"start":{"line":11,"column":46},"end":{"line":11,"column":56}},"6":{"start":{"line":12,"column":8},"end":{"line":12,"column":55}},"7":{"start":{"line":12,"column":46},"end":{"line":12,"column":55}},"8":{"start":{"line":16,"column":8},"end":{"line":16,"column":52}},"9":{"start":{"line":16,"column":42},"end":{"line":16,"column":52}},"10":{"start":{"line":17,"column":8},"end":{"line":17,"column":51}},"11":{"start":{"line":17,"column":42},"end":{"line":17,"column":51}},"12":{"start":{"line":20,"column":6},"end":{"line":20,"column":15}},"13":{"start":{"line":23,"column":4},"end":{"line":67,"column":5}},"14":{"start":{"line":23,"column":26},"end":{"line":23,"column":38}},"15":{"start":{"line":25,"column":8},"end":{"line":25,"column":47}},"16":{"start":{"line":25,"column":34},"end":{"line":25,"column":47}},"17":{"start":{"line":27,"column":8},"end":{"line":66,"column":9}},"18":{"start":{"line":28,"column":41},"end":{"line":28,"column":84}},"19":{"start":{"line":29,"column":23},"end":{"line":29,"column":58}},"20":{"start":{"line":32,"column":12},"end":{"line":45,"column":13}},"21":{"start":{"line":33,"column":16},"end":{"line":33,"column":69}},"22":{"start":{"line":36,"column":38},"end":{"line":38,"column":37}},"23":{"start":{"line":40,"column":16},"end":{"line":44,"column":19}},"24":{"start":{"line":41,"column":20},"end":{"line":43,"column":80}},"25":{"start":{"line":49,"column":12},"end":{"line":65,"column":15}},"26":{"start":{"line":50,"column":16},"end":{"line":62,"column":17}},"27":{"start":{"line":51,"column":31},"end":{"line":51,"column":60}},"28":{"start":{"line":52,"column":35},"end":{"line":54,"column":35}},"29":{"start":{"line":56,"column":37},"end":{"line":58,"column":79}},"30":{"start":{"line":61,"column":20},"end":{"line":61,"column":58}},"31":{"start":{"line":61,"column":40},"end":{"line":61,"column":58}},"32":{"start":{"line":64,"column":16},"end":{"line":64,"column":25}},"33":{"start":{"line":68,"column":0},"end":{"line":68,"column":1}},"34":{"start":{"line":5,"column":13},"end":{"line":68,"column":1}},"35":{"start":{"line":5,"column":13},"end":{"line":5,"column":20}}},"fnMap":{"0":{"name":"(anonymous_1)","decl":{"start":{"line":5,"column":20},"end":{"line":null,"column":-1}},"loc":{"start":{"line":5,"column":20},"end":{"line":5,"column":0}}},"1":{"name":"OrderBy","decl":{"start":{"line":5,"column":0},"end":{"line":null,"column":-1}},"loc":{"start":{"line":5,"column":0},"end":{"line":68,"column":1}}},"2":{"name":"(anonymous_3)","decl":{"start":{"line":7,"column":4},"end":{"line":7,"column":29}},"loc":{"start":{"line":7,"column":42},"end":{"line":21,"column":5}}},"3":{"name":"(anonymous_4)","decl":{"start":{"line":23,"column":4},"end":{"line":23,"column":13}},"loc":{"start":{"line":23,"column":39},"end":{"line":67,"column":5}}},"4":{"name":"(anonymous_5)","decl":{"start":{"line":40,"column":34},"end":{"line":40,"column":42}},"loc":{"start":{"line":40,"column":54},"end":{"line":44,"column":17}}},"5":{"name":"(anonymous_6)","decl":{"start":{"line":49,"column":30},"end":{"line":49,"column":38}},"loc":{"start":{"line":49,"column":50},"end":{"line":65,"column":13}}}},"branchMap":{"0":{"loc":{"start":{"line":9,"column":6},"end":{"line":18,"column":7}},"type":"if","locations":[{"start":{"line":9,"column":6},"end":{"line":18,"column":7}},{"start":{"line":9,"column":6},"end":{"line":18,"column":7}}]},"1":{"loc":{"start":{"line":9,"column":10},"end":{"line":9,"column":30}},"type":"binary-expr","locations":[{"start":{"line":9,"column":10},"end":{"line":9,"column":30}},{"start":{"line":9,"column":34},"end":{"line":9,"column":46}},{"start":{"line":9,"column":52},"end":{"line":9,"column":72}},{"start":{"line":9,"column":76},"end":{"line":9,"column":88}}]},"2":{"loc":{"start":{"line":11,"column":8},"end":{"line":11,"column":56}},"type":"if","locations":[{"start":{"line":11,"column":8},"end":{"line":11,"column":56}},{"start":{"line":11,"column":8},"end":{"line":11,"column":56}}]},"3":{"loc":{"start":{"line":12,"column":8},"end":{"line":12,"column":55}},"type":"if","locations":[{"start":{"line":12,"column":8},"end":{"line":12,"column":55}},{"start":{"line":12,"column":8},"end":{"line":12,"column":55}}]},"4":{"loc":{"start":{"line":16,"column":8},"end":{"line":16,"column":52}},"type":"if","locations":[{"start":{"line":16,"column":8},"end":{"line":16,"column":52}},{"start":{"line":16,"column":8},"end":{"line":16,"column":52}}]},"5":{"loc":{"start":{"line":17,"column":8},"end":{"line":17,"column":51}},"type":"if","locations":[{"start":{"line":17,"column":8},"end":{"line":17,"column":51}},{"start":{"line":17,"column":8},"end":{"line":17,"column":51}}]},"6":{"loc":{"start":{"line":23,"column":26},"end":{"line":23,"column":37}},"type":"cond-expr","locations":[{"start":{"line":23,"column":26},"end":{"line":23,"column":37}},{"start":{"line":23,"column":26},"end":{"line":23,"column":38}}]},"7":{"loc":{"start":{"line":25,"column":8},"end":{"line":25,"column":47}},"type":"if","locations":[{"start":{"line":25,"column":8},"end":{"line":25,"column":47}},{"start":{"line":25,"column":8},"end":{"line":25,"column":47}}]},"8":{"loc":{"start":{"line":27,"column":8},"end":{"line":66,"column":9}},"type":"if","locations":[{"start":{"line":27,"column":8},"end":{"line":66,"column":9}},{"start":{"line":27,"column":8},"end":{"line":66,"column":9}}]},"9":{"loc":{"start":{"line":27,"column":11},"end":{"line":27,"column":33}},"type":"binary-expr","locations":[{"start":{"line":27,"column":11},"end":{"line":27,"column":33}},{"start":{"line":27,"column":38},"end":{"line":27,"column":59}},{"start":{"line":27,"column":63},"end":{"line":27,"column":81}}]},"10":{"loc":{"start":{"line":28,"column":66},"end":{"line":28,"column":72}},"type":"cond-expr","locations":[{"start":{"line":28,"column":66},"end":{"line":28,"column":72}},{"start":{"line":28,"column":75},"end":{"line":28,"column":84}}]},"11":{"loc":{"start":{"line":32,"column":12},"end":{"line":45,"column":13}},"type":"if","locations":[{"start":{"line":32,"column":12},"end":{"line":45,"column":13}},{"start":{"line":32,"column":12},"end":{"line":45,"column":13}}]},"12":{"loc":{"start":{"line":32,"column":15},"end":{"line":32,"column":31}},"type":"binary-expr","locations":[{"start":{"line":32,"column":15},"end":{"line":32,"column":31}},{"start":{"line":32,"column":35},"end":{"line":32,"column":57}},{"start":{"line":32,"column":61},"end":{"line":32,"column":83}}]},"13":{"loc":{"start":{"line":33,"column":31},"end":{"line":33,"column":43}},"type":"cond-expr","locations":[{"start":{"line":33,"column":31},"end":{"line":33,"column":43}},{"start":{"line":33,"column":46},"end":{"line":33,"column":68}}]},"14":{"loc":{"start":{"line":37,"column":22},"end":{"line":37,"column":47}},"type":"cond-expr","locations":[{"start":{"line":37,"column":22},"end":{"line":37,"column":47}},{"start":{"line":38,"column":22},"end":{"line":38,"column":37}}]},"15":{"loc":{"start":{"line":36,"column":38},"end":{"line":36,"column":73}},"type":"binary-expr","locations":[{"start":{"line":36,"column":38},"end":{"line":36,"column":73}},{"start":{"line":36,"column":77},"end":{"line":36,"column":112}}]},"16":{"loc":{"start":{"line":42,"column":26},"end":{"line":42,"column":78}},"type":"cond-expr","locations":[{"start":{"line":42,"column":26},"end":{"line":42,"column":78}},{"start":{"line":43,"column":26},"end":{"line":43,"column":79}}]},"17":{"loc":{"start":{"line":53,"column":26},"end":{"line":53,"column":45}},"type":"cond-expr","locations":[{"start":{"line":53,"column":26},"end":{"line":53,"column":45}},{"start":{"line":54,"column":26},"end":{"line":54,"column":35}}]},"18":{"loc":{"start":{"line":52,"column":35},"end":{"line":52,"column":64}},"type":"binary-expr","locations":[{"start":{"line":52,"column":35},"end":{"line":52,"column":64}},{"start":{"line":52,"column":68},"end":{"line":52,"column":97}}]},"19":{"loc":{"start":{"line":57,"column":26},"end":{"line":57,"column":78}},"type":"cond-expr","locations":[{"start":{"line":57,"column":26},"end":{"line":57,"column":78}},{"start":{"line":58,"column":26},"end":{"line":58,"column":79}}]},"20":{"loc":{"start":{"line":61,"column":20},"end":{"line":61,"column":58}},"type":"if","locations":[{"start":{"line":61,"column":20},"end":{"line":61,"column":58}},{"start":{"line":61,"column":20},"end":{"line":61,"column":58}}]}},"s":{"0":1,"1":1,"2":1,"3":0,"4":0,"5":0,"6":0,"7":0,"8":0,"9":0,"10":0,"11":0,"12":0,"13":1,"14":2,"15":1,"16":0,"17":1,"18":1,"19":1,"20":1,"21":0,"22":1,"23":1,"24":0,"25":0,"26":0,"27":0,"28":0,"29":0,"30":0,"31":0,"32":0,"33":1,"34":1,"35":1},"f":{"0":1,"1":1,"2":0,"3":1,"4":0,"5":0},"b":{"0":[0,0],"1":[0,0,0,0],"2":[0,0],"3":[0,0],"4":[0,0],"5":[0,0],"6":[0,1],"7":[0,1],"8":[1,0],"9":[1,0,0],"10":[1,0],"11":[0,1],"12":[1,1,1],"13":[0,0],"14":[0,1],"15":[1,1],"16":[0,0],"17":[0,0],"18":[0,0],"19":[0,0],"20":[0,0]}}
,"/Users/pwner/Desktop/ricco/skf-flask-rebuild/Angular/src/app/pipes/starts-with.pipe.ts": {"path":"/Users/pwner/Desktop/ricco/skf-flask-rebuild/Angular/src/app/pipes/starts-with.pipe.ts","statementMap":{"0":{"start":{"line":1,"column":0},"end":{"line":1,"column":61}},"1":{"start":{"line":8,"column":27},"end":{"line":8,"column":0}},"2":{"start":{"line":9,"column":4},"end":{"line":17,"column":5}},"3":{"start":{"line":10,"column":8},"end":{"line":12,"column":9}},"4":{"start":{"line":11,"column":10},"end":{"line":11,"column":106}},"5":{"start":{"line":11,"column":38},"end":{"line":11,"column":104}},"6":{"start":{"line":13,"column":8},"end":{"line":16,"column":9}},"7":{"start":{"line":15,"column":10},"end":{"line":15,"column":23}},"8":{"start":{"line":18,"column":0},"end":{"line":18,"column":1}},"9":{"start":{"line":8,"column":13},"end":{"line":18,"column":1}},"10":{"start":{"line":8,"column":13},"end":{"line":8,"column":27}}},"fnMap":{"0":{"name":"(anonymous_1)","decl":{"start":{"line":8,"column":27},"end":{"line":null,"column":-1}},"loc":{"start":{"line":8,"column":27},"end":{"line":8,"column":0}}},"1":{"name":"StartsWithPipe","decl":{"start":{"line":8,"column":0},"end":{"line":null,"column":-1}},"loc":{"start":{"line":8,"column":0},"end":{"line":18,"column":1}}},"2":{"name":"(anonymous_3)","decl":{"start":{"line":9,"column":4},"end":{"line":9,"column":13}},"loc":{"start":{"line":9,"column":39},"end":{"line":17,"column":5}}},"3":{"name":"(anonymous_4)","decl":{"start":{"line":11,"column":30},"end":{"line":11,"column":29}},"loc":{"start":{"line":11,"column":34},"end":{"line":11,"column":104}}}},"branchMap":{"0":{"loc":{"start":{"line":10,"column":8},"end":{"line":12,"column":9}},"type":"if","locations":[{"start":{"line":10,"column":8},"end":{"line":12,"column":9}},{"start":{"line":10,"column":8},"end":{"line":12,"column":9}}]},"1":{"loc":{"start":{"line":13,"column":8},"end":{"line":16,"column":9}},"type":"if","locations":[{"start":{"line":13,"column":8},"end":{"line":16,"column":9}},{"start":{"line":13,"column":8},"end":{"line":16,"column":9}}]}},"s":{"0":1,"1":1,"2":1,"3":8,"4":0,"5":0,"6":8,"7":8,"8":1,"9":1,"10":1},"f":{"0":1,"1":3,"2":8,"3":0},"b":{"0":[0,8],"1":[8,0]}}
,"/Users/pwner/Desktop/ricco/skf-flask-rebuild/Angular/src/app/project-dashboard/project-dashboard.component.ts": {"path":"/Users/pwner/Desktop/ricco/skf-flask-rebuild/Angular/src/app/project-dashboard/project-dashboard.component.ts","statementMap":{"0":{"start":{"line":1,"column":0},"end":{"line":1,"column":49}},"1":{"start":{"line":2,"column":0},"end":{"line":2,"column":74}},"2":{"start":{"line":3,"column":0},"end":{"line":3,"column":70}},"3":{"start":{"line":4,"column":0},"end":{"line":4,"column":77}},"4":{"start":{"line":5,"column":0},"end":{"line":5,"column":57}},"5":{"start":{"line":9,"column":0},"end":{"line":9,"column":64}},"6":{"start":{"line":18,"column":38},"end":{"line":18,"column":0}},"7":{"start":{"line":35,"column":12},"end":{"line":35,"column":34}},"8":{"start":{"line":36,"column":12},"end":{"line":36,"column":50}},"9":{"start":{"line":37,"column":12},"end":{"line":37,"column":58}},"10":{"start":{"line":38,"column":12},"end":{"line":38,"column":33}},"11":{"start":{"line":39,"column":12},"end":{"line":39,"column":40}},"12":{"start":{"line":24,"column":9},"end":{"line":24,"column":44}},"13":{"start":{"line":25,"column":9},"end":{"line":25,"column":32}},"14":{"start":{"line":28,"column":9},"end":{"line":28,"column":31}},"15":{"start":{"line":31,"column":9},"end":{"line":31,"column":44}},"16":{"start":{"line":42,"column":2},"end":{"line":56,"column":3}},"17":{"start":{"line":42,"column":2},"end":{"line":56,"column":2}},"18":{"start":{"line":43,"column":4},"end":{"line":49,"column":7}},"19":{"start":{"line":44,"column":6},"end":{"line":44,"column":36}},"20":{"start":{"line":45,"column":6},"end":{"line":45,"column":55}},"21":{"start":{"line":46,"column":6},"end":{"line":48,"column":57}},"22":{"start":{"line":47,"column":16},"end":{"line":47,"column":40}},"23":{"start":{"line":48,"column":15},"end":{"line":48,"column":56}},"24":{"start":{"line":51,"column":4},"end":{"line":55,"column":61}},"25":{"start":{"line":54,"column":28},"end":{"line":54,"column":57}},"26":{"start":{"line":55,"column":13},"end":{"line":55,"column":59}},"27":{"start":{"line":58,"column":2},"end":{"line":68,"column":3}},"28":{"start":{"line":58,"column":2},"end":{"line":68,"column":2}},"29":{"start":{"line":59,"column":4},"end":{"line":59,"column":21}},"30":{"start":{"line":60,"column":4},"end":{"line":60,"column":23}},"31":{"start":{"line":62,"column":4},"end":{"line":62,"column":93}},"32":{"start":{"line":62,"column":28},"end":{"line":62,"column":71}},"33":{"start":{"line":62,"column":72},"end":{"line":62,"column":91}},"34":{"start":{"line":63,"column":4},"end":{"line":63,"column":108}},"35":{"start":{"line":63,"column":35},"end":{"line":63,"column":85}},"36":{"start":{"line":63,"column":86},"end":{"line":63,"column":106}},"37":{"start":{"line":64,"column":4},"end":{"line":64,"column":41}},"38":{"start":{"line":64,"column":32},"end":{"line":64,"column":39}},"39":{"start":{"line":65,"column":4},"end":{"line":66,"column":107}},"40":{"start":{"line":66,"column":26},"end":{"line":66,"column":57}},"41":{"start":{"line":66,"column":70},"end":{"line":66,"column":105}},"42":{"start":{"line":67,"column":4},"end":{"line":67,"column":22}},"43":{"start":{"line":70,"column":2},"end":{"line":86,"column":3}},"44":{"start":{"line":70,"column":2},"end":{"line":86,"column":2}},"45":{"start":{"line":71,"column":4},"end":{"line":71,"column":26}},"46":{"start":{"line":72,"column":8},"end":{"line":75,"column":9}},"47":{"start":{"line":73,"column":10},"end":{"line":73,"column":94}},"48":{"start":{"line":73,"column":50},"end":{"line":73,"column":92}},"49":{"start":{"line":74,"column":10},"end":{"line":74,"column":185}},"50":{"start":{"line":76,"column":4},"end":{"line":83,"column":13}},"51":{"start":{"line":77,"column":6},"end":{"line":82,"column":11}},"52":{"start":{"line":78,"column":15},"end":{"line":78,"column":68}},"53":{"start":{"line":79,"column":12},"end":{"line":81,"column":63}},"54":{"start":{"line":80,"column":22},"end":{"line":80,"column":46}},"55":{"start":{"line":81,"column":21},"end":{"line":81,"column":62}},"56":{"start":{"line":85,"column":4},"end":{"line":85,"column":23}},"57":{"start":{"line":88,"column":2},"end":{"line":98,"column":3}},"58":{"start":{"line":88,"column":2},"end":{"line":98,"column":2}},"59":{"start":{"line":89,"column":4},"end":{"line":96,"column":5}},"60":{"start":{"line":90,"column":6},"end":{"line":94,"column":7}},"61":{"start":{"line":91,"column":10},"end":{"line":93,"column":61}},"62":{"start":{"line":92,"column":20},"end":{"line":92,"column":44}},"63":{"start":{"line":93,"column":19},"end":{"line":93,"column":60}},"64":{"start":{"line":95,"column":6},"end":{"line":95,"column":18}},"65":{"start":{"line":97,"column":4},"end":{"line":97,"column":17}},"66":{"start":{"line":101,"column":2},"end":{"line":103,"column":3}},"67":{"start":{"line":102,"column":4},"end":{"line":102,"column":51}},"68":{"start":{"line":104,"column":0},"end":{"line":104,"column":1}},"69":{"start":{"line":18,"column":13},"end":{"line":104,"column":1}},"70":{"start":{"line":18,"column":13},"end":{"line":18,"column":38}}},"fnMap":{"0":{"name":"(anonymous_2)","decl":{"start":{"line":18,"column":38},"end":{"line":null,"column":-1}},"loc":{"start":{"line":18,"column":38},"end":{"line":18,"column":0}}},"1":{"name":"ProjectDashboardComponent","decl":{"start":{"line":34,"column":2},"end":{"line":35,"column":11}},"loc":{"start":{"line":39,"column":40},"end":{"line":40,"column":7}}},"2":{"name":"(anonymous_4)","decl":{"start":{"line":42,"column":2},"end":{"line":null,"column":-1}},"loc":{"start":{"line":42,"column":2},"end":{"line":56,"column":3}}},"3":{"name":"(anonymous_5)","decl":{"start":{"line":43,"column":32},"end":{"line":43,"column":31}},"loc":{"start":{"line":43,"column":38},"end":{"line":49,"column":5}}},"4":{"name":"(anonymous_6)","decl":{"start":{"line":47,"column":8},"end":{"line":47,"column":7}},"loc":{"start":{"line":47,"column":12},"end":{"line":47,"column":40}}},"5":{"name":"(anonymous_7)","decl":{"start":{"line":48,"column":8},"end":{"line":48,"column":7}},"loc":{"start":{"line":48,"column":11},"end":{"line":48,"column":56}}},"6":{"name":"(anonymous_8)","decl":{"start":{"line":54,"column":6},"end":{"line":54,"column":6}},"loc":{"start":{"line":54,"column":21},"end":{"line":54,"column":59}}},"7":{"name":"(anonymous_9)","decl":{"start":{"line":55,"column":6},"end":{"line":55,"column":5}},"loc":{"start":{"line":55,"column":9},"end":{"line":55,"column":59}}},"8":{"name":"(anonymous_10)","decl":{"start":{"line":58,"column":2},"end":{"line":null,"column":-1}},"loc":{"start":{"line":58,"column":2},"end":{"line":68,"column":3}}},"9":{"name":"(anonymous_11)","decl":{"start":{"line":66,"column":17},"end":{"line":66,"column":16}},"loc":{"start":{"line":66,"column":20},"end":{"line":66,"column":59}}},"10":{"name":"(anonymous_12)","decl":{"start":{"line":66,"column":61},"end":{"line":66,"column":60}},"loc":{"start":{"line":66,"column":66},"end":{"line":66,"column":105}}},"11":{"name":"(anonymous_13)","decl":{"start":{"line":70,"column":2},"end":{"line":70,"column":20}},"loc":{"start":{"line":70,"column":34},"end":{"line":86,"column":3}}},"12":{"name":"(anonymous_14)","decl":{"start":{"line":76,"column":15},"end":{"line":null,"column":-1}},"loc":{"start":{"line":76,"column":15},"end":{"line":83,"column":5}}},"13":{"name":"(anonymous_15)","decl":{"start":{"line":77,"column":72},"end":{"line":77,"column":79}},"loc":{"start":{"line":77,"column":72},"end":{"line":77,"column":81}}},"14":{"name":"(anonymous_16)","decl":{"start":{"line":78,"column":8},"end":{"line":78,"column":7}},"loc":{"start":{"line":78,"column":11},"end":{"line":78,"column":68}}},"15":{"name":"(anonymous_17)","decl":{"start":{"line":78,"column":70},"end":{"line":null,"column":-1}},"loc":{"start":{"line":78,"column":70},"end":{"line":82,"column":9}}},"16":{"name":"(anonymous_18)","decl":{"start":{"line":80,"column":14},"end":{"line":80,"column":13}},"loc":{"start":{"line":80,"column":18},"end":{"line":80,"column":46}}},"17":{"name":"(anonymous_19)","decl":{"start":{"line":81,"column":14},"end":{"line":81,"column":13}},"loc":{"start":{"line":81,"column":17},"end":{"line":81,"column":62}}},"18":{"name":"(anonymous_20)","decl":{"start":{"line":88,"column":2},"end":{"line":88,"column":9}},"loc":{"start":{"line":88,"column":20},"end":{"line":98,"column":3}}},"19":{"name":"(anonymous_21)","decl":{"start":{"line":90,"column":46},"end":{"line":90,"column":45}},"loc":{"start":{"line":90,"column":47},"end":{"line":93,"column":61}}},"20":{"name":"(anonymous_22)","decl":{"start":{"line":92,"column":12},"end":{"line":92,"column":11}},"loc":{"start":{"line":92,"column":16},"end":{"line":92,"column":44}}},"21":{"name":"(anonymous_23)","decl":{"start":{"line":93,"column":12},"end":{"line":93,"column":11}},"loc":{"start":{"line":93,"column":15},"end":{"line":93,"column":60}}},"22":{"name":"(anonymous_24)","decl":{"start":{"line":101,"column":2},"end":{"line":101,"column":6}},"loc":{"start":{"line":101,"column":14},"end":{"line":103,"column":3}}}},"branchMap":{"0":{"loc":{"start":{"line":62,"column":4},"end":{"line":62,"column":93}},"type":"if","locations":[{"start":{"line":62,"column":4},"end":{"line":62,"column":93}},{"start":{"line":62,"column":4},"end":{"line":62,"column":93}}]},"1":{"loc":{"start":{"line":63,"column":4},"end":{"line":63,"column":108}},"type":"if","locations":[{"start":{"line":63,"column":4},"end":{"line":63,"column":108}},{"start":{"line":63,"column":4},"end":{"line":63,"column":108}}]},"2":{"loc":{"start":{"line":64,"column":4},"end":{"line":64,"column":41}},"type":"if","locations":[{"start":{"line":64,"column":4},"end":{"line":64,"column":41}},{"start":{"line":64,"column":4},"end":{"line":64,"column":41}}]},"3":{"loc":{"start":{"line":73,"column":10},"end":{"line":73,"column":94}},"type":"if","locations":[{"start":{"line":73,"column":10},"end":{"line":73,"column":94}},{"start":{"line":73,"column":10},"end":{"line":73,"column":94}}]},"4":{"loc":{"start":{"line":89,"column":4},"end":{"line":96,"column":5}},"type":"if","locations":[{"start":{"line":89,"column":4},"end":{"line":96,"column":5}},{"start":{"line":89,"column":4},"end":{"line":96,"column":5}}]},"5":{"loc":{"start":{"line":35,"column":34},"end":{"line":36,"column":31}},"type":"binary-expr","locations":[{"start":{"line":35,"column":34},"end":{"line":36,"column":31}},{"start":{"line":35,"column":34},"end":{"line":36,"column":31}}]},"6":{"loc":{"start":{"line":35,"column":26},"end":{"line":35,"column":34}},"type":"binary-expr","locations":[{"start":{"line":35,"column":26},"end":{"line":35,"column":34}}]},"7":{"loc":{"start":{"line":35,"column":34},"end":{"line":36,"column":50}},"type":"binary-expr","locations":[{"start":{"line":35,"column":34},"end":{"line":36,"column":50}},{"start":{"line":36,"column":50},"end":{"line":37,"column":35}},{"start":{"line":36,"column":50},"end":{"line":37,"column":35}}]},"8":{"loc":{"start":{"line":35,"column":34},"end":{"line":36,"column":50}},"type":"binary-expr","locations":[{"start":{"line":35,"column":34},"end":{"line":36,"column":50}},{"start":{"line":36,"column":32},"end":{"line":36,"column":50}}]},"9":{"loc":{"start":{"line":36,"column":50},"end":{"line":37,"column":58}},"type":"binary-expr","locations":[{"start":{"line":36,"column":50},"end":{"line":37,"column":58}},{"start":{"line":37,"column":58},"end":{"line":38,"column":18}},{"start":{"line":37,"column":58},"end":{"line":38,"column":18}}]},"10":{"loc":{"start":{"line":36,"column":50},"end":{"line":37,"column":58}},"type":"binary-expr","locations":[{"start":{"line":36,"column":50},"end":{"line":37,"column":58}},{"start":{"line":37,"column":36},"end":{"line":37,"column":58}}]},"11":{"loc":{"start":{"line":37,"column":58},"end":{"line":38,"column":33}},"type":"binary-expr","locations":[{"start":{"line":37,"column":58},"end":{"line":38,"column":33}},{"start":{"line":38,"column":33},"end":{"line":39,"column":26}},{"start":{"line":38,"column":33},"end":{"line":39,"column":26}}]},"12":{"loc":{"start":{"line":37,"column":58},"end":{"line":38,"column":33}},"type":"binary-expr","locations":[{"start":{"line":37,"column":58},"end":{"line":38,"column":33}},{"start":{"line":38,"column":19},"end":{"line":38,"column":33}}]},"13":{"loc":{"start":{"line":38,"column":33},"end":{"line":39,"column":40}},"type":"binary-expr","locations":[{"start":{"line":38,"column":33},"end":{"line":39,"column":40}},{"start":{"line":39,"column":40},"end":{"line":null,"column":-1}},{"start":{"line":39,"column":40},"end":{"line":null,"column":-1}}]},"14":{"loc":{"start":{"line":38,"column":33},"end":{"line":39,"column":40}},"type":"binary-expr","locations":[{"start":{"line":38,"column":33},"end":{"line":39,"column":40}},{"start":{"line":39,"column":27},"end":{"line":39,"column":40}}]}},"s":{"0":1,"1":1,"2":1,"3":1,"4":1,"5":1,"6":1,"7":5,"8":5,"9":5,"10":5,"11":5,"12":5,"13":5,"14":5,"15":5,"16":1,"17":5,"18":5,"19":5,"20":5,"21":5,"22":0,"23":5,"24":5,"25":0,"26":5,"27":1,"28":2,"29":2,"30":2,"31":2,"32":1,"33":1,"34":2,"35":1,"36":1,"37":2,"38":1,"39":1,"40":0,"41":1,"42":1,"43":1,"44":0,"45":0,"46":0,"47":0,"48":0,"49":0,"50":0,"51":0,"52":0,"53":0,"54":0,"55":0,"56":0,"57":1,"58":1,"59":1,"60":0,"61":0,"62":0,"63":0,"64":0,"65":1,"66":1,"67":1,"68":1,"69":1,"70":1},"f":{"0":1,"1":5,"2":5,"3":5,"4":0,"5":5,"6":0,"7":5,"8":2,"9":0,"10":1,"11":0,"12":0,"13":0,"14":0,"15":0,"16":0,"17":0,"18":1,"19":0,"20":0,"21":0,"22":1},"b":{"0":[1,1],"1":[1,1],"2":[1,1],"3":[0,0],"4":[0,1],"5":[1,0],"6":[1],"7":[1,1,0],"8":[1,1],"9":[1,1,0],"10":[1,1],"11":[1,1,0],"12":[1,1],"13":[1,1,0],"14":[1,1]}}
,"/Users/pwner/Desktop/ricco/skf-flask-rebuild/Angular/src/app/project-list/project-list.component.ts": {"path":"/Users/pwner/Desktop/ricco/skf-flask-rebuild/Angular/src/app/project-list/project-list.component.ts","statementMap":{"0":{"start":{"line":1,"column":0},"end":{"line":1,"column":49}},"1":{"start":{"line":2,"column":0},"end":{"line":2,"column":60}},"2":{"start":{"line":4,"column":0},"end":{"line":4,"column":74}},"3":{"start":{"line":12,"column":33},"end":{"line":12,"column":0}},"4":{"start":{"line":19,"column":22},"end":{"line":19,"column":53}},"5":{"start":{"line":19,"column":63},"end":{"line":19,"column":85}},"6":{"start":{"line":21,"column":2},"end":{"line":23,"column":3}},"7":{"start":{"line":22,"column":4},"end":{"line":22,"column":23}},"8":{"start":{"line":25,"column":2},"end":{"line":31,"column":3}},"9":{"start":{"line":25,"column":2},"end":{"line":31,"column":2}},"10":{"start":{"line":26,"column":4},"end":{"line":30,"column":5}},"11":{"start":{"line":27,"column":6},"end":{"line":29,"column":27}},"12":{"start":{"line":29,"column":8},"end":{"line":29,"column":26}},"13":{"start":{"line":33,"column":2},"end":{"line":44,"column":3}},"14":{"start":{"line":33,"column":2},"end":{"line":44,"column":2}},"15":{"start":{"line":34,"column":4},"end":{"line":43,"column":85}},"16":{"start":{"line":38,"column":8},"end":{"line":38,"column":33}},"17":{"start":{"line":39,"column":8},"end":{"line":41,"column":9}},"18":{"start":{"line":40,"column":10},"end":{"line":40,"column":55}},"19":{"start":{"line":43,"column":13},"end":{"line":43,"column":83}},"20":{"start":{"line":46,"column":2},"end":{"line":48,"column":3}},"21":{"start":{"line":47,"column":4},"end":{"line":47,"column":42}},"22":{"start":{"line":49,"column":0},"end":{"line":49,"column":1}},"23":{"start":{"line":12,"column":13},"end":{"line":49,"column":1}},"24":{"start":{"line":12,"column":13},"end":{"line":12,"column":33}}},"fnMap":{"0":{"name":"(anonymous_2)","decl":{"start":{"line":12,"column":33},"end":{"line":null,"column":-1}},"loc":{"start":{"line":12,"column":33},"end":{"line":12,"column":0}}},"1":{"name":"ProjectListComponent","decl":{"start":{"line":19,"column":2},"end":{"line":19,"column":21}},"loc":{"start":{"line":19,"column":85},"end":{"line":19,"column":90}}},"2":{"name":"(anonymous_4)","decl":{"start":{"line":21,"column":2},"end":{"line":null,"column":-1}},"loc":{"start":{"line":21,"column":2},"end":{"line":23,"column":3}}},"3":{"name":"(anonymous_5)","decl":{"start":{"line":25,"column":2},"end":{"line":25,"column":9}},"loc":{"start":{"line":25,"column":20},"end":{"line":31,"column":3}}},"4":{"name":"(anonymous_6)","decl":{"start":{"line":27,"column":48},"end":{"line":27,"column":47}},"loc":{"start":{"line":27,"column":49},"end":{"line":29,"column":26}}},"5":{"name":"(anonymous_7)","decl":{"start":{"line":33,"column":2},"end":{"line":null,"column":-1}},"loc":{"start":{"line":33,"column":2},"end":{"line":44,"column":3}}},"6":{"name":"(anonymous_8)","decl":{"start":{"line":37,"column":6},"end":{"line":37,"column":5}},"loc":{"start":{"line":37,"column":14},"end":{"line":42,"column":7}}},"7":{"name":"(anonymous_9)","decl":{"start":{"line":43,"column":6},"end":{"line":43,"column":5}},"loc":{"start":{"line":43,"column":9},"end":{"line":43,"column":83}}},"8":{"name":"(anonymous_10)","decl":{"start":{"line":46,"column":2},"end":{"line":46,"column":6}},"loc":{"start":{"line":46,"column":14},"end":{"line":48,"column":3}}}},"branchMap":{"0":{"loc":{"start":{"line":26,"column":4},"end":{"line":30,"column":5}},"type":"if","locations":[{"start":{"line":26,"column":4},"end":{"line":30,"column":5}},{"start":{"line":26,"column":4},"end":{"line":30,"column":5}}]},"1":{"loc":{"start":{"line":39,"column":8},"end":{"line":41,"column":9}},"type":"if","locations":[{"start":{"line":39,"column":8},"end":{"line":41,"column":9}},{"start":{"line":39,"column":8},"end":{"line":41,"column":9}}]},"2":{"loc":{"start":{"line":19,"column":53},"end":{"line":19,"column":76}},"type":"binary-expr","locations":[{"start":{"line":19,"column":53},"end":{"line":19,"column":76}},{"start":{"line":19,"column":53},"end":{"line":19,"column":76}}]},"3":{"loc":{"start":{"line":19,"column":39},"end":{"line":19,"column":53}},"type":"binary-expr","locations":[{"start":{"line":19,"column":39},"end":{"line":19,"column":53}}]},"4":{"loc":{"start":{"line":19,"column":53},"end":{"line":19,"column":85}},"type":"binary-expr","locations":[{"start":{"line":19,"column":53},"end":{"line":19,"column":85}},{"start":{"line":19,"column":85},"end":{"line":null,"column":-1}},{"start":{"line":19,"column":85},"end":{"line":null,"column":-1}}]},"5":{"loc":{"start":{"line":19,"column":53},"end":{"line":19,"column":85}},"type":"binary-expr","locations":[{"start":{"line":19,"column":53},"end":{"line":19,"column":85}},{"start":{"line":19,"column":77},"end":{"line":19,"column":85}}]}},"s":{"0":1,"1":1,"2":1,"3":1,"4":5,"5":5,"6":1,"7":6,"8":1,"9":1,"10":1,"11":0,"12":0,"13":1,"14":6,"15":6,"16":0,"17":0,"18":0,"19":6,"20":1,"21":1,"22":1,"23":1,"24":1},"f":{"0":1,"1":5,"2":6,"3":1,"4":0,"5":6,"6":0,"7":6,"8":1},"b":{"0":[0,1],"1":[0,0],"2":[1,0],"3":[1],"4":[1,1,0],"5":[1,1]}}
,"/Users/pwner/Desktop/ricco/skf-flask-rebuild/Angular/src/app/project-new/project-new.component.ts": {"path":"/Users/pwner/Desktop/ricco/skf-flask-rebuild/Angular/src/app/project-new/project-new.component.ts","statementMap":{"0":{"start":{"line":1,"column":0},"end":{"line":1,"column":49}},"1":{"start":{"line":2,"column":0},"end":{"line":2,"column":59}},"2":{"start":{"line":3,"column":0},"end":{"line":3,"column":69}},"3":{"start":{"line":4,"column":0},"end":{"line":4,"column":76}},"4":{"start":{"line":5,"column":0},"end":{"line":5,"column":57}},"5":{"start":{"line":7,"column":0},"end":{"line":7,"column":39}},"6":{"start":{"line":18,"column":32},"end":{"line":18,"column":0}},"7":{"start":{"line":40,"column":12},"end":{"line":40,"column":42}},"8":{"start":{"line":41,"column":12},"end":{"line":41,"column":40}},"9":{"start":{"line":42,"column":12},"end":{"line":42,"column":50}},"10":{"start":{"line":43,"column":12},"end":{"line":43,"column":58}},"11":{"start":{"line":44,"column":12},"end":{"line":44,"column":26}},"12":{"start":{"line":28,"column":9},"end":{"line":28,"column":44}},"13":{"start":{"line":30,"column":9},"end":{"line":30,"column":36}},"14":{"start":{"line":32,"column":9},"end":{"line":32,"column":22}},"15":{"start":{"line":33,"column":9},"end":{"line":33,"column":25}},"16":{"start":{"line":35,"column":9},"end":{"line":35,"column":30}},"17":{"start":{"line":36,"column":9},"end":{"line":36,"column":32}},"18":{"start":{"line":47,"column":2},"end":{"line":58,"column":3}},"19":{"start":{"line":47,"column":2},"end":{"line":58,"column":2}},"20":{"start":{"line":49,"column":4},"end":{"line":52,"column":5}},"21":{"start":{"line":50,"column":19},"end":{"line":50,"column":43}},"22":{"start":{"line":51,"column":13},"end":{"line":51,"column":60}},"23":{"start":{"line":54,"column":4},"end":{"line":57,"column":5}},"24":{"start":{"line":55,"column":19},"end":{"line":55,"column":43}},"25":{"start":{"line":56,"column":13},"end":{"line":56,"column":59}},"26":{"start":{"line":60,"column":2},"end":{"line":63,"column":3}},"27":{"start":{"line":61,"column":4},"end":{"line":61,"column":24}},"28":{"start":{"line":64,"column":2},"end":{"line":111,"column":3}},"29":{"start":{"line":64,"column":2},"end":{"line":111,"column":2}},"30":{"start":{"line":65,"column":4},"end":{"line":65,"column":23}},"31":{"start":{"line":66,"column":4},"end":{"line":66,"column":20}},"32":{"start":{"line":67,"column":4},"end":{"line":67,"column":99}},"33":{"start":{"line":67,"column":29},"end":{"line":67,"column":76}},"34":{"start":{"line":67,"column":77},"end":{"line":67,"column":97}},"35":{"start":{"line":68,"column":4},"end":{"line":68,"column":105}},"36":{"start":{"line":68,"column":32},"end":{"line":68,"column":82}},"37":{"start":{"line":68,"column":83},"end":{"line":68,"column":103}},"38":{"start":{"line":69,"column":4},"end":{"line":69,"column":113}},"39":{"start":{"line":69,"column":36},"end":{"line":69,"column":90}},"40":{"start":{"line":69,"column":91},"end":{"line":69,"column":111}},"41":{"start":{"line":70,"column":4},"end":{"line":70,"column":97}},"42":{"start":{"line":70,"column":28},"end":{"line":70,"column":74}},"43":{"start":{"line":70,"column":75},"end":{"line":70,"column":95}},"44":{"start":{"line":71,"column":4},"end":{"line":71,"column":111}},"45":{"start":{"line":71,"column":35},"end":{"line":71,"column":88}},"46":{"start":{"line":71,"column":89},"end":{"line":71,"column":109}},"47":{"start":{"line":72,"column":4},"end":{"line":72,"column":92}},"48":{"start":{"line":72,"column":23},"end":{"line":72,"column":69}},"49":{"start":{"line":72,"column":70},"end":{"line":72,"column":90}},"50":{"start":{"line":74,"column":4},"end":{"line":74,"column":41}},"51":{"start":{"line":74,"column":32},"end":{"line":74,"column":39}},"52":{"start":{"line":77,"column":23},"end":{"line":77,"column":65}},"53":{"start":{"line":78,"column":23},"end":{"line":78,"column":55}},"54":{"start":{"line":81,"column":24},"end":{"line":81,"column":67}},"55":{"start":{"line":82,"column":20},"end":{"line":82,"column":53}},"56":{"start":{"line":84,"column":4},"end":{"line":99,"column":9}},"57":{"start":{"line":85,"column":28},"end":{"line":85,"column":61}},"58":{"start":{"line":85,"column":72},"end":{"line":85,"column":108}},"59":{"start":{"line":86,"column":8},"end":{"line":98,"column":12}},"60":{"start":{"line":87,"column":30},"end":{"line":87,"column":61}},"61":{"start":{"line":87,"column":74},"end":{"line":87,"column":109}},"62":{"start":{"line":89,"column":12},"end":{"line":92,"column":13}},"63":{"start":{"line":90,"column":14},"end":{"line":90,"column":122}},"64":{"start":{"line":90,"column":74},"end":{"line":90,"column":120}},"65":{"start":{"line":91,"column":14},"end":{"line":91,"column":151}},"66":{"start":{"line":94,"column":12},"end":{"line":97,"column":13}},"67":{"start":{"line":95,"column":14},"end":{"line":95,"column":118}},"68":{"start":{"line":95,"column":72},"end":{"line":95,"column":116}},"69":{"start":{"line":96,"column":14},"end":{"line":96,"column":177}},"70":{"start":{"line":101,"column":4},"end":{"line":110,"column":13}},"71":{"start":{"line":102,"column":6},"end":{"line":103,"column":71}},"72":{"start":{"line":103,"column":15},"end":{"line":103,"column":69}},"73":{"start":{"line":105,"column":6},"end":{"line":106,"column":70}},"74":{"start":{"line":106,"column":15},"end":{"line":106,"column":68}},"75":{"start":{"line":108,"column":6},"end":{"line":108,"column":68}},"76":{"start":{"line":114,"column":2},"end":{"line":117,"column":3}},"77":{"start":{"line":115,"column":4},"end":{"line":115,"column":64}},"78":{"start":{"line":116,"column":4},"end":{"line":116,"column":16}},"79"
[...]
","decl":{"start":{"line":41,"column":2},"end":{"line":41,"column":23}},"loc":{"start":{"line":41,"column":34},"end":{"line":44,"column":3}}},"9":{"name":"(anonymous_11)","decl":{"start":{"line":43,"column":11},"end":{"line":43,"column":10}},"loc":{"start":{"line":43,"column":19},"end":{"line":43,"column":44}}},"10":{"name":"(anonymous_12)","decl":{"start":{"line":46,"column":2},"end":{"line":46,"column":8}},"loc":{"start":{"line":46,"column":19},"end":{"line":52,"column":3}}},"11":{"name":"(anonymous_13)","decl":{"start":{"line":50,"column":6},"end":{"line":50,"column":5}},"loc":{"start":{"line":50,"column":10},"end":{"line":50,"column":18}}},"12":{"name":"(anonymous_14)","decl":{"start":{"line":51,"column":6},"end":{"line":51,"column":5}},"loc":{"start":{"line":51,"column":11},"end":{"line":51,"column":46}}}},"branchMap":{"0":{"loc":{"start":{"line":13,"column":22},"end":{"line":14,"column":19}},"type":"binary-expr","locations":[{"start":{"line":13,"column":22},"end":{"line":14,"column":19}},{"start":{"line":13,"column":22},"end":{"line":14,"column":19}}]},"1":{"loc":{"start":{"line":13,"column":18},"end":{"line":13,"column":22}},"type":"binary-expr","locations":[{"start":{"line":13,"column":18},"end":{"line":13,"column":22}}]},"2":{"loc":{"start":{"line":13,"column":22},"end":{"line":14,"column":26}},"type":"binary-expr","locations":[{"start":{"line":13,"column":22},"end":{"line":14,"column":26}},{"start":{"line":14,"column":26},"end":{"line":null,"column":-1}},{"start":{"line":14,"column":26},"end":{"line":null,"column":-1}}]},"3":{"loc":{"start":{"line":13,"column":22},"end":{"line":14,"column":26}},"type":"binary-expr","locations":[{"start":{"line":13,"column":22},"end":{"line":14,"column":26}},{"start":{"line":14,"column":20},"end":{"line":14,"column":26}}]}},"s":{"0":1,"1":1,"2":1,"3":1,"4":1,"5":1,"6":14,"7":14,"8":14,"9":14,"10":1,"11":1,"12":0,"13":1,"14":5,"15":0,"16":1,"17":1,"18":0,"19":1,"20":1,"21":0,"22":1,"23":1,"24":1,"25":1,"26":0,"27":1,"28":1,"29":1},"f":{"0":1,"1":14,"2":1,"3":0,"4":5,"5":0,"6":1,"7":0,"8":1,"9":0,"10":1,"11":1,"12":0},"b":{"0":[1,0],"1":[1],"2":[1,1,0],"3":[1,1]}}
,"/Users/pwner/Desktop/ricco/skf-flask-rebuild/Angular/src/app/services/user-add.service.ts": {"path":"/Users/pwner/Desktop/ricco/skf-flask-rebuild/Angular/src/app/services/user-add.service.ts","statementMap":{"0":{"start":{"line":1,"column":0},"end":{"line":1,"column":42}},"1":{"start":{"line":3,"column":0},"end":{"line":3,"column":45}},"2":{"start":{"line":4,"column":0},"end":{"line":4,"column":40}},"3":{"start":{"line":6,"column":0},"end":{"line":6,"column":40}},"4":{"start":{"line":7,"column":0},"end":{"line":7,"column":60}},"5":{"start":{"line":10,"column":27},"end":{"line":10,"column":0}},"6":{"start":{"line":12,"column":22},"end":{"line":12,"column":32}},"7":{"start":{"line":12,"column":42},"end":{"line":12,"column":56}},"8":{"start":{"line":13,"column":10},"end":{"line":13,"column":113}},"9":{"start":{"line":15,"column":2},"end":{"line":24,"column":3}},"10":{"start":{"line":17,"column":4},"end":{"line":23,"column":39}},"11":{"start":{"line":23,"column":18},"end":{"line":23,"column":38}},"12":{"start":{"line":25,"column":0},"end":{"line":25,"column":1}},"13":{"start":{"line":10,"column":13},"end":{"line":25,"column":1}},"14":{"start":{"line":10,"column":13},"end":{"line":10,"column":27}}},"fnMap":{"0":{"name":"(anonymous_2)","decl":{"start":{"line":10,"column":27},"end":{"line":null,"column":-1}},"loc":{"start":{"line":10,"column":27},"end":{"line":10,"column":0}}},"1":{"name":"UserAddService","decl":{"start":{"line":12,"column":2},"end":{"line":12,"column":21}},"loc":{"start":{"line":12,"column":56},"end":{"line":12,"column":61}}},"2":{"name":"(anonymous_4)","decl":{"start":{"line":15,"column":2},"end":{"line":15,"column":9}},"loc":{"start":{"line":15,"column":43},"end":{"line":24,"column":3}}},"3":{"name":"(anonymous_5)","decl":{"start":{"line":23,"column":11},"end":{"line":23,"column":10}},"loc":{"start":{"line":23,"column":14},"end":{"line":23,"column":38}}}},"branchMap":{"0":{"loc":{"start":{"line":12,"column":32},"end":{"line":12,"column":49}},"type":"binary-expr","locations":[{"start":{"line":12,"column":32},"end":{"line":12,"column":49}},{"start":{"line":12,"column":32},"end":{"line":12,"column":49}}]},"1":{"loc":{"start":{"line":12,"column":28},"end":{"line":12,"column":32}},"type":"binary-expr","locations":[{"start":{"line":12,"column":28},"end":{"line":12,"column":32}}]},"2":{"loc":{"start":{"line":12,"column":32},"end":{"line":12,"column":56}},"type":"binary-expr","locations":[{"start":{"line":12,"column":32},"end":{"line":12,"column":56}},{"start":{"line":12,"column":56},"end":{"line":null,"column":-1}},{"start":{"line":12,"column":56},"end":{"line":null,"column":-1}}]},"3":{"loc":{"start":{"line":12,"column":32},"end":{"line":12,"column":56}},"type":"binary-expr","locations":[{"start":{"line":12,"column":32},"end":{"line":12,"column":56}},{"start":{"line":12,"column":50},"end":{"line":12,"column":56}}]}},"s":{"0":1,"1":1,"2":1,"3":1,"4":1,"5":1,"6":3,"7":3,"8":3,"9":1,"10":1,"11":1,"12":1,"13":1,"14":1},"f":{"0":1,"1":3,"2":1,"3":1},"b":{"0":[1,0],"1":[1],"2":[1,1,0],"3":[1,1]}}
,"/Users/pwner/Desktop/ricco/skf-flask-rebuild/Angular/src/app/services/user-manage.service.ts": {"path":"/Users/pwner/Desktop/ricco/skf-flask-rebuild/Angular/src/app/services/user-manage.service.ts","statementMap":{"0":{"start":{"line":1,"column":0},"end":{"line":1,"column":42}},"1":{"start":{"line":2,"column":0},"end":{"line":2,"column":45}},"2":{"start":{"line":4,"column":0},"end":{"line":4,"column":40}},"3":{"start":{"line":6,"column":0},"end":{"line":6,"column":40}},"4":{"start":{"line":7,"column":0},"end":{"line":7,"column":60}},"5":{"start":{"line":10,"column":24},"end":{"line":10,"column":0}},"6":{"start":{"line":12,"column":22},"end":{"line":12,"column":32}},"7":{"start":{"line":12,"column":42},"end":{"line":12,"column":56}},"8":{"start":{"line":13,"column":9},"end":{"line":13,"column":116}},"9":{"start":{"line":14,"column":9},"end":{"line":14,"column":115}},"10":{"start":{"line":16,"column":2},"end":{"line":19,"column":3}},"11":{"start":{"line":17,"column":4},"end":{"line":18,"column":45}},"12":{"start":{"line":18,"column":23},"end":{"line":18,"column":44}},"13":{"start":{"line":21,"column":2},"end":{"line":29,"column":3}},"14":{"start":{"line":22,"column":16},"end":{"line":22,"column":45}},"15":{"start":{"line":23,"column":4},"end":{"line":28,"column":37}},"16":{"start":{"line":28,"column":18},"end":{"line":28,"column":33}},"17":{"start":{"line":31,"column":2},"end":{"line":39,"column":3}},"18":{"start":{"line":32,"column":16},"end":{"line":32,"column":45}},"19":{"start":{"line":33,"column":4},"end":{"line":38,"column":37}},"20":{"start":{"line":38,"column":18},"end":{"line":38,"column":33}},"21":{"start":{"line":40,"column":0},"end":{"line":40,"column":1}},"22":{"start":{"line":10,"column":13},"end":{"line":40,"column":1}},"23":{"start":{"line":10,"column":13},"end":{"line":10,"column":24}}},"fnMap":{"0":{"name":"(anonymous_2)","decl":{"start":{"line":10,"column":24},"end":{"line":null,"column":-1}},"loc":{"start":{"line":10,"column":24},"end":{"line":10,"column":0}}},"1":{"name":"UserService","decl":{"start":{"line":12,"column":2},"end":{"line":12,"column":21}},"loc":{"start":{"line":12,"column":56},"end":{"line":12,"column":61}}},"2":{"name":"(anonymous_4)","decl":{"start":{"line":16,"column":2},"end":{"line":null,"column":-1}},"loc":{"start":{"line":16,"column":2},"end":{"line":19,"column":3}}},"3":{"name":"(anonymous_5)","decl":{"start":{"line":18,"column":11},"end":{"line":18,"column":10}},"loc":{"start":{"line":18,"column":19},"end":{"line":18,"column":44}}},"4":{"name":"(anonymous_6)","decl":{"start":{"line":21,"column":2},"end":{"line":21,"column":8}},"loc":{"start":{"line":21,"column":19},"end":{"line":29,"column":3}}},"5":{"name":"(anonymous_7)","decl":{"start":{"line":28,"column":11},"end":{"line":28,"column":10}},"loc":{"start":{"line":28,"column":12},"end":{"line":28,"column":35}}},"6":{"name":"(anonymous_8)","decl":{"start":{"line":31,"column":2},"end":{"line":31,"column":7}},"loc":{"start":{"line":31,"column":18},"end":{"line":39,"column":3}}},"7":{"name":"(anonymous_9)","decl":{"start":{"line":38,"column":11},"end":{"line":38,"column":10}},"loc":{"start":{"line":38,"column":12},"end":{"line":38,"column":35}}}},"branchMap":{"0":{"loc":{"start":{"line":12,"column":32},"end":{"line":12,"column":49}},"type":"binary-expr","locations":[{"start":{"line":12,"column":32},"end":{"line":12,"column":49}},{"start":{"line":12,"column":32},"end":{"line":12,"column":49}}]},"1":{"loc":{"start":{"line":12,"column":28},"end":{"line":12,"column":32}},"type":"binary-expr","locations":[{"start":{"line":12,"column":28},"end":{"line":12,"column":32}}]},"2":{"loc":{"start":{"line":12,"column":32},"end":{"line":12,"column":56}},"type":"binary-expr","locations":[{"start":{"line":12,"column":32},"end":{"line":12,"column":56}},{"start":{"line":12,"column":56},"end":{"line":null,"column":-1}},{"start":{"line":12,"column":56},"end":{"line":null,"column":-1}}]},"3":{"loc":{"start":{"line":12,"column":32},"end":{"line":12,"column":56}},"type":"binary-expr","locations":[{"start":{"line":12,"column":32},"end":{"line":12,"column":56}},{"start":{"line":12,"column":50},"end":{"line":12,"column":56}}]}},"s":{"0":1,"1":1,"2":1,"3":1,"4":1,"5":1,"6":9,"7":9,"8":9,"9":9,"10":1,"11":8,"12":1,"13":1,"14":1,"15":1,"16":1,"17":1,"18":1,"19":1,"20":1,"21":1,"22":1,"23":1},"f":{"0":1,"1":9,"2":8,"3":1,"4":1,"5":1,"6":1,"7":1},"b":{"0":[1,0],"1":[1],"2":[1,1,0],"3":[1,1]}}
,"/Users/pwner/Desktop/ricco/skf-flask-rebuild/Angular/src/app/user-add/user-add.component.ts": {"path":"/Users/pwner/Desktop/ricco/skf-flask-rebuild/Angular/src/app/user-add/user-add.component.ts","statementMap":{"0":{"start":{"line":1,"column":0},"end":{"line":1,"column":41}},"1":{"start":{"line":2,"column":0},"end":{"line":2,"column":60}},"2":{"start":{"line":4,"column":0},"end":{"line":4,"column":39}},"3":{"start":{"line":12,"column":29},"end":{"line":12,"column":0}},"4":{"start":{"line":18,"column":22},"end":{"line":18,"column":53}},"5":{"start":{"line":18,"column":63},"end":{"line":18,"column":78}},"6":{"start":{"line":16,"column":9},"end":{"line":16,"column":30}},"7":{"start":{"line":20,"column":2},"end":{"line":33,"column":3}},"8":{"start":{"line":20,"column":2},"end":{"line":33,"column":2}},"9":{"start":{"line":21,"column":4},"end":{"line":21,"column":23}},"10":{"start":{"line":22,"column":4},"end":{"line":22,"column":20}},"11":{"start":{"line":23,"column":4},"end":{"line":23,"column":88}},"12":{"start":{"line":23,"column":23},"end":{"line":23,"column":65}},"13":{"start":{"line":23,"column":66},"end":{"line":23,"column":86}},"14":{"start":{"line":25,"column":4},"end":{"line":25,"column":41}},"15":{"start":{"line":25,"column":32},"end":{"line":25,"column":39}},"16":{"start":{"line":27,"column":4},"end":{"line":31,"column":8}},"17":{"start":{"line":29,"column":14},"end":{"line":29,"column":30}},"18":{"start":{"line":30,"column":13},"end":{"line":30,"column":90}},"19":{"start":{"line":32,"column":6},"end":{"line":32,"column":22}},"20":{"start":{"line":34,"column":0},"end":{"line":34,"column":1}},"21":{"start":{"line":12,"column":13},"end":{"line":34,"column":1}},"22":{"start":{"line":12,"column":13},"end":{"line":12,"column":29}}},"fnMap":{"0":{"name":"(anonymous_2)","decl":{"start":{"line":12,"column":29},"end":{"line":null,"column":-1}},"loc":{"start":{"line":12,"column":29},"end":{"line":12,"column":0}}},"1":{"name":"UserAddComponent","decl":{"start":{"line":18,"column":2},"end":{"line":18,"column":21}},"loc":{"start":{"line":18,"column":78},"end":{"line":18,"column":83}}},"2":{"name":"(anonymous_4)","decl":{"start":{"line":20,"column":2},"end":{"line":null,"column":-1}},"loc":{"start":{"line":20,"column":2},"end":{"line":33,"column":3}}},"3":{"name":"(anonymous_5)","decl":{"start":{"line":29,"column":6},"end":{"line":29,"column":5}},"loc":{"start":{"line":29,"column":10},"end":{"line":29,"column":30}}},"4":{"name":"(anonymous_6)","decl":{"start":{"line":30,"column":6},"end":{"line":30,"column":5}},"loc":{"start":{"line":30,"column":9},"end":{"line":30,"column":90}}}},"branchMap":{"0":{"loc":{"start":{"line":23,"column":4},"end":{"line":23,"column":88}},"type":"if","locations":[{"start":{"line":23,"column":4},"end":{"line":23,"column":88}},{"start":{"line":23,"column":4},"end":{"line":23,"column":88}}]},"1":{"loc":{"start":{"line":25,"column":4},"end":{"line":25,"column":41}},"type":"if","locations":[{"start":{"line":25,"column":4},"end":{"line":25,"column":41}},{"start":{"line":25,"column":4},"end":{"line":25,"column":41}}]},"2":{"loc":{"start":{"line":18,"column":53},"end":{"line":18,"column":71}},"type":"binary-expr","locations":[{"start":{"line":18,"column":53},"end":{"line":18,"column":71}},{"start":{"line":18,"column":53},"end":{"line":18,"column":71}}]},"3":{"loc":{"start":{"line":18,"column":39},"end":{"line":18,"column":53}},"type":"binary-expr","locations":[{"start":{"line":18,"column":39},"end":{"line":18,"column":53}}]},"4":{"loc":{"start":{"line":18,"column":53},"end":{"line":18,"column":78}},"type":"binary-expr","locations":[{"start":{"line":18,"column":53},"end":{"line":18,"column":78}},{"start":{"line":18,"column":78},"end":{"line":null,"column":-1}},{"start":{"line":18,"column":78},"end":{"line":null,"column":-1}}]},"5":{"loc":{"start":{"line":18,"column":53},"end":{"line":18,"column":78}},"type":"binary-expr","locations":[{"start":{"line":18,"column":53},"end":{"line":18,"column":78}},{"start":{"line":18,"column":72},"end":{"line":18,"column":78}}]}},"s":{"0":1,"1":1,"2":1,"3":1,"4":2,"5":2,"6":2,"7":1,"8":1,"9":1,"10":1,"11":1,"12":1,"13":1,"14":1,"15":1,"16":0,"17":0,"18":0,"19":0,"20":1,"21":1,"22":1},"f":{"0":1,"1":2,"2":1,"3":0,"4":0},"b":{"0":[1,0],"1":[1,0],"2":[1,0],"3":[1],"4":[1,1,0],"5":[1,1]}}
,"/Users/pwner/Desktop/ricco/skf-flask-rebuild/Angular/src/app/user-manage/user-manage.component.ts": {"path":"/Users/pwner/Desktop/ricco/skf-flask-rebuild/Angular/src/app/user-manage/user-manage.component.ts","statementMap":{"0":{"start":{"line":1,"column":0},"end":{"line":1,"column":49}},"1":{"start":{"line":2,"column":0},"end":{"line":2,"column":61}},"2":{"start":{"line":4,"column":0},"end":{"line":4,"column":74}},"3":{"start":{"line":13,"column":32},"end":{"line":13,"column":0}},"4":{"start":{"line":21,"column":22},"end":{"line":21,"column":47}},"5":{"start":{"line":21,"column":57},"end":{"line":21,"column":79}},"6":{"start":{"line":23,"column":2},"end":{"line":25,"column":3}},"7":{"start":{"line":24,"column":4},"end":{"line":24,"column":20}},"8":{"start":{"line":27,"column":2},"end":{"line":33,"column":3}},"9":{"start":{"line":27,"column":2},"end":{"line":33,"column":2}},"10":{"start":{"line":28,"column":4},"end":{"line":32,"column":5}},"11":{"start":{"line":29,"column":6},"end":{"line":31,"column":24}},"12":{"start":{"line":31,"column":8},"end":{"line":31,"column":23}},"13":{"start":{"line":35,"column":2},"end":{"line":41,"column":3}},"14":{"start":{"line":35,"column":2},"end":{"line":41,"column":2}},"15":{"start":{"line":36,"column":4},"end":{"line":40,"column":5}},"16":{"start":{"line":37,"column":6},"end":{"line":39,"column":24}},"17":{"start":{"line":39,"column":8},"end":{"line":39,"column":23}},"18":{"start":{"line":43,"column":2},"end":{"line":51,"column":3}},"19":{"start":{"line":43,"column":2},"end":{"line":51,"column":2}},"20":{"start":{"line":44,"column":4},"end":{"line":50,"column":82}},"21":{"start":{"line":48,"column":8},"end":{"line":48,"column":27}},"22":{"start":{"line":50,"column":13},"end":{"line":50,"column":80}},"23":{"start":{"line":53,"column":2},"end":{"line":55,"column":3}},"24":{"start":{"line":54,"column":4},"end":{"line":54,"column":36}},"25":{"start":{"line":56,"column":0},"end":{"line":56,"column":1}},"26":{"start":{"line":13,"column":13},"end":{"line":56,"column":1}},"27":{"start":{"line":13,"column":13},"end":{"line":13,"column":32}}},"fnMap":{"0":{"name":"(anonymous_2)","decl":{"start":{"line":13,"column":32},"end":{"line":null,"column":-1}},"loc":{"start":{"line":13,"column":32},"end":{"line":13,"column":0}}},"1":{"name":"UserManageComponent","decl":{"start":{"line":21,"column":2},"end":{"line":21,"column":21}},"loc":{"start":{"line":21,"column":79},"end":{"line":21,"column":84}}},"2":{"name":"(anonymous_4)","decl":{"start":{"line":23,"column":2},"end":{"line":null,"column":-1}},"loc":{"start":{"line":23,"column":2},"end":{"line":25,"column":3}}},"3":{"name":"(anonymous_5)","decl":{"start":{"line":27,"column":2},"end":{"line":27,"column":8}},"loc":{"start":{"line":27,"column":19},"end":{"line":33,"column":3}}},"4":{"name":"(anonymous_6)","decl":{"start":{"line":29,"column":45},"end":{"line":29,"column":44}},"loc":{"start":{"line":29,"column":46},"end":{"line":31,"column":23}}},"5":{"name":"(anonymous_7)","decl":{"start":{"line":35,"column":2},"end":{"line":35,"column":7}},"loc":{"start":{"line":35,"column":18},"end":{"line":41,"column":3}}},"6":{"name":"(anonymous_8)","decl":{"start":{"line":37,"column":44},"end":{"line":37,"column":43}},"loc":{"start":{"line":37,"column":45},"end":{"line":39,"column":23}}},"7":{"name":"(anonymous_9)","decl":{"start":{"line":43,"column":2},"end":{"line":null,"column":-1}},"loc":{"start":{"line":43,"column":2},"end":{"line":51,"column":3}}},"8":{"name":"(anonymous_10)","decl":{"start":{"line":47,"column":6},"end":{"line":47,"column":5}},"loc":{"start":{"line":47,"column":11},"end":{"line":49,"column":7}}},"9":{"name":"(anonymous_11)","decl":{"start":{"line":50,"column":6},"end":{"line":50,"column":5}},"loc":{"start":{"line":50,"column":9},"end":{"line":50,"column":80}}},"10":{"name":"(anonymous_12)","decl":{"start":{"line":53,"column":2},"end":{"line":53,"column":6}},"loc":{"start":{"line":53,"column":14},"end":{"line":55,"column":3}}}},"branchMap":{"0":{"loc":{"start":{"line":28,"column":4},"end":{"line":32,"column":5}},"type":"if","locations":[{"start":{"line":28,"column":4},"end":{"line":32,"column":5}},{"start":{"line":28,"column":4},"end":{"line":32,"column":5}}]},"1":{"loc":{"start":{"line":36,"column":4},"end":{"line":40,"column":5}},"type":"if","locations":[{"start":{"line":36,"column":4},"end":{"line":40,"column":5}},{"start":{"line":36,"column":4},"end":{"line":40,"column":5}}]},"2":{"loc":{"start":{"line":21,"column":47},"end":{"line":21,"column":70}},"type":"binary-expr","locations":[{"start":{"line":21,"column":47},"end":{"line":21,"column":70}},{"start":{"line":21,"column":47},"end":{"line":21,"column":70}}]},"3":{"loc":{"start":{"line":21,"column":36},"end":{"line":21,"column":47}},"type":"binary-expr","locations":[{"start":{"line":21,"column":36},"end":{"line":21,"column":47}}]},"4":{"loc":{"start":{"line":21,"column":47},"end":{"line":21,"column":79}},"type":"binary-expr","locations":[{"start":{"line":21,"column":47},"end":{"line":21,"column":79}},{"start":{"line":21,"column":79},"end":{"line":null,"column":-1}},{"start":{"line":21,"column":79},"end":{"line":null,"column":-1}}]},"5":{"loc":{"start":{"line":21,"column":47},"end":{"line":21,"column":79}},"type":"binary-expr","locations":[{"start":{"line":21,"column":47},"end":{"line":21,"column":79}},{"start":{"line":21,"column":71},"end":{"line":21,"column":79}}]}},"s":{"0":1,"1":1,"2":1,"3":1,"4":6,"5":6,"6":1,"7":6,"8":1,"9":1,"10":1,"11":0,"12":0,"13":1,"14":1,"15":1,"16":0,"17":0,"18":1,"19":7,"20":7,"21":0,"22":5,"23":1,"24":1,"25":1,"26":1,"27":1},"f":{"0":1,"1":6,"2":6,"3":1,"4":0,"5":1,"6":0,"7":7,"8":0,"9":5,"10":1},"b":{"0":[0,1],"1":[0,1],"2":[1,0],"3":[1],"4":[1,1,0],"5":[1,1]}}
,"/Users/pwner/Desktop/ricco/skf-flask-rebuild/Angular/src/environments/environment.ts": {"path":"/Users/pwner/Desktop/ricco/skf-flask-rebuild/Angular/src/environments/environment.ts","statementMap":{"0":{"start":{"line":6,"column":13},"end":{"line":9,"column":2}}},"fnMap":{},"branchMap":{},"s":{"0":1},"f":{},"b":{}}
}
