TN:
SF:/Users/pwner/Desktop/ricco/skf-flask-rebuild/Angular/src/polyfills.ts
FNF:0
FNH:0
DA:44,1
DA:45,1
DA:56,1
LF:3
LH:3
BRF:0
BRH:0
end_of_record
TN:
SF:/Users/pwner/Desktop/ricco/skf-flask-rebuild/Angular/src/test.ts
FN:20,(anonymous_0)
FNF:1
FNH:1
FNDA:1,(anonymous_0)
DA:3,1
DA:4,1
DA:5,1
DA:6,1
DA:7,1
DA:8,1
DA:9,1
DA:10,1
DA:20,1
DA:23,1
DA:28,1
DA:30,1
DA:32,1
LF:13
LH:13
BRF:0
BRH:0
end_of_record
TN:
SF:/Users/pwner/Desktop/ricco/skf-flask-rebuild/Angular/src/app/app.component.ts
FN:13,(anonymous_2)
FN:14,AppComponent
FN:17,(anonymous_4)
FN:18,(anonymous_5)
FNF:4
FNH:2
FNDA:1,(anonymous_2)
FNDA:1,AppComponent
FNDA:0,(anonymous_4)
FNDA:0,(anonymous_5)
DA:1,1
DA:2,1
DA:3,1
DA:4,1
DA:13,1
DA:14,1
DA:17,1
DA:18,0
DA:19,0
DA:23,1
LF:10
LH:8
BRDA:14,0,0,1
BRDA:14,0,1,0
BRDA:14,1,0,1
BRF:3
BRH:2
end_of_record
TN:
SF:/Users/pwner/Desktop/ricco/skf-flask-rebuild/Angular/src/app/globals.ts
FN:2,(anonymous_0)
FNF:1
FNH:1
FNDA:1,(anonymous_0)
DA:2,1
DA:3,1
DA:4,1
DA:5,1
DA:7,1
LF:5
LH:5
BRF:0
BRH:0
end_of_record
TN:
SF:/Users/pwner/Desktop/ricco/skf-flask-rebuild/Angular/src/app/authenticate/authenticate.component.ts
FN:10,(anonymous_2)
FN:16,AuthenticateComponent
FN:18,(anonymous_4)
FN:27,(anonymous_5)
FNF:4
FNH:3
FNDA:1,(anonymous_2)
FNDA:3,AuthenticateComponent
FNDA:2,(anonymous_4)
FNDA:0,(anonymous_5)
DA:1,1
DA:2,1
DA:10,1
DA:13,3
DA:16,3
DA:18,2
DA:19,2
DA:20,2
DA:22,2
DA:23,2
DA:24,2
DA:26,0
DA:28,0
DA:29,0
DA:30,0
DA:31,0
DA:32,0
DA:35,1
LF:18
LH:12
BRDA:22,0,0,1
BRDA:22,0,1,1
BRDA:23,1,0,1
BRDA:23,1,1,1
BRDA:24,2,0,2
BRDA:24,2,1,0
BRDA:28,3,0,0
BRDA:28,3,1,0
BRDA:16,4,0,1
BRDA:16,4,1,0
BRDA:16,5,0,1
BRF:11
BRH:7
end_of_record
TN:
SF:/Users/pwner/Desktop/ricco/skf-flask-rebuild/Angular/src/app/code-examples/code-examples.component.ts
FN:16,(anonymous_2)
FN:22,CodeExamplesComponent
FN:26,(anonymous_4)
FN:28,(anonymous_5)
FN:31,(anonymous_6)
FN:34,(anonymous_7)
FN:38,(anonymous_8)
FN:39,(anonymous_9)
FN:44,(anonymous_10)
FNF:9
FNH:6
FNDA:1,(anonymous_2)
FNDA:2,CodeExamplesComponent
FNDA:2,(anonymous_4)
FNDA:0,(anonymous_5)
FNDA:2,(anonymous_6)
FNDA:3,(anonymous_7)
FNDA:0,(anonymous_8)
FNDA:1,(anonymous_9)
FNDA:0,(anonymous_10)
DA:1,1
DA:2,1
DA:5,1
DA:16,1
DA:22,2
DA:23,2
DA:26,2
DA:27,2
DA:29,0
DA:31,2
DA:34,3
DA:35,3
DA:36,1
DA:37,1
DA:38,0
DA:39,1
DA:41,3
DA:44,1
DA:45,0
DA:47,1
LF:20
LH:17
BRDA:35,0,0,1
BRDA:35,0,1,2
BRDA:22,1,0,1
BRDA:22,1,1,0
BRDA:22,2,0,1
BRDA:22,3,0,1
BRDA:22,3,1,1
BRDA:22,3,2,0
BRDA:22,4,0,1
BRDA:22,4,1,1
BRDA:22,5,0,1
BRDA:22,5,1,1
BRDA:22,5,2,0
BRDA:22,6,0,1
BRDA:22,6,1,1
BRF:15
BRH:12
end_of_record
TN:
SF:/Users/pwner/Desktop/ricco/skf-flask-rebuild/Angular/src/app/dashboard/dashboard.component.ts
FN:8,(anonymous_2)
FN:10,DashboardComponent
FN:12,(anonymous_4)
FNF:3
FNH:3
FNDA:1,(anonymous_2)
FNDA:1,DashboardComponent
FNDA:1,(anonymous_4)
DA:1,1
DA:8,1
DA:12,1
DA:15,1
LF:4
LH:4
BRF:0
BRH:0
end_of_record
TN:
SF:/Users/pwner/Desktop/ricco/skf-flask-rebuild/Angular/src/app/first-login/first-login.component.ts
FN:10,(anonymous_2)
FN:12,FirstLoginComponent
FN:24,(anonymous_4)
FN:36,(anonymous_5)
FN:37,(anonymous_6)
FN:38,(anonymous_7)
FNF:6
FNH:3
FNDA:1,(anonymous_2)
FNDA:2,FirstLoginComponent
FNDA:1,(anonymous_4)
FNDA:0,(anonymous_5)
FNDA:0,(anonymous_6)
FNDA:0,(anonymous_7)
DA:1,1
DA:2,1
DA:4,1
DA:10,1
DA:12,2
DA:20,2
DA:21,2
DA:24,1
DA:25,1
DA:26,1
DA:27,1
DA:28,1
DA:29,1
DA:30,1
DA:31,1
DA:32,1
DA:34,1
DA:36,0
DA:37,0
DA:38,0
DA:40,1
LF:21
LH:18
BRDA:27,0,0,1
BRDA:27,0,1,0
BRDA:28,1,0,1
BRDA:28,1,1,0
BRDA:29,2,0,1
BRDA:29,2,1,0
BRDA:30,3,0,1
BRDA:30,3,1,0
BRDA:31,4,0,1
BRDA:31,4,1,0
BRDA:32,5,0,1
BRDA:32,5,1,0
BRDA:34,6,0,1
BRDA:34,6,1,0
BRDA:12,7,0,1
BRDA:12,7,1,0
BRDA:12,8,0,1
BRDA:12,9,0,1
BRDA:12,9,1,1
BRDA:12,9,2,0
BRDA:12,10,0,1
BRDA:12,10,1,1
BRF:22
BRH:13
end_of_record
TN:
SF:/Users/pwner/Desktop/ricco/skf-flask-rebuild/Angular/src/app/footer/footer.component.ts
FN:8,(anonymous_2)
FN:11,FooterComponent
FN:13,(anonymous_4)
FNF:3
FNH:3
FNDA:1,(anonymous_2)
FNDA:3,FooterComponent
FNDA:4,(anonymous_4)
DA:1,1
DA:8,1
DA:9,3
DA:13,1
DA:14,4
DA:15,1
DA:18,1
LF:7
LH:7
BRDA:14,0,0,1
BRDA:14,0,1,3
BRF:2
BRH:2
end_of_record
TN:
SF:/Users/pwner/Desktop/ricco/skf-flask-rebuild/Angular/src/app/guard/guard.service.ts
FN:6,(anonymous_2)
FN:8,GuardService
FN:10,(anonymous_4)
FNF:3
FNH:3
FNDA:1,(anonymous_2)
FNDA:2,GuardService
FNDA:1,(anonymous_4)
DA:1,1
DA:2,1
DA:3,1
DA:6,1
DA:8,2
DA:10,1
DA:11,1
DA:13,0
DA:14,0
DA:18,1
DA:19,1
DA:20,1
DA:22,1
LF:13
LH:11
BRDA:11,0,0,0
BRDA:11,0,1,1
BRDA:8,1,0,1
BRDA:8,1,1,0
BRDA:8,2,0,1
BRF:5
BRH:3
end_of_record
TN:
SF:/Users/pwner/Desktop/ricco/skf-flask-rebuild/Angular/src/app/header/header.component.ts
FN:9,(anonymous_2)
FN:11,HeaderComponent
FN:24,(anonymous_4)
FN:40,(anonymous_5)
FN:51,(anonymous_6)
FN:61,(anonymous_7)
FN:71,(anonymous_8)
FN:81,(anonymous_9)
FN:91,(anonymous_10)
FN:101,(anonymous_11)
FN:110,(anonymous_12)
FN:117,(anonymous_13)
FN:122,(anonymous_14)
FN:129,(anonymous_15)
FN:130,(anonymous_16)
FN:131,(anonymous_17)
FN:132,(anonymous_18)
FN:133,(anonymous_19)
FN:134,(anonymous_20)
FNF:19
FNH:16
FNDA:1,(anonymous_2)
FNDA:16,HeaderComponent
FNDA:16,(anonymous_4)
FNDA:1,(anonymous_5)
FNDA:1,(anonymous_6)
FNDA:1,(anonymous_7)
FNDA:1,(anonymous_8)
FNDA:1,(anonymous_9)
FNDA:1,(anonymous_10)
FNDA:1,(anonymous_11)
FNDA:1,(anonymous_12)
FNDA:0,(anonymous_13)
FNDA:0,(anonymous_14)
FNDA:1,(anonymous_15)
FNDA:0,(anonymous_16)
FNDA:1,(anonymous_17)
FNDA:1,(anonymous_18)
FNDA:1,(anonymous_19)
FNDA:2,(anonymous_20)
DA:1,1
DA:2,1
DA:3,1
DA:9,1
DA:11,16
DA:21,16
DA:22,16
DA:24,1
DA:25,16
DA:26,0
DA:29,16
DA:30,16
DA:31,16
DA:32,16
DA:33,16
DA:34,16
DA:35,16
DA:40,1
DA:41,1
DA:42,1
DA:43,1
DA:44,1
DA:45,1
DA:46,1
DA:47,1
DA:51,1
DA:52,1
DA:53,1
DA:54,1
DA:55,1
DA:56,1
DA:57,1
DA:58,1
DA:61,1
DA:62,1
DA:63,1
DA:64,1
DA:65,1
DA:66,1
DA:67,1
DA:68,1
DA:71,1
DA:72,1
DA:73,1
DA:74,1
DA:75,1
DA:76,1
DA:77,1
DA:78,1
DA:81,1
DA:82,1
DA:83,1
DA:84,1
DA:85,1
DA:86,1
DA:87,1
DA:88,1
DA:91,1
DA:92,1
DA:93,1
DA:94,1
DA:95,1
DA:96,1
DA:97,1
DA:98,1
DA:101,1
DA:102,1
DA:103,1
DA:104,1
DA:105,1
DA:106,1
DA:107,1
DA:108,1
DA:110,1
DA:111,1
DA:112,1
DA:113,1
DA:114,1
DA:117,1
DA:118,0
DA:119,0
DA:122,1
DA:123,0
DA:124,0
DA:129,1
DA:130,1
DA:131,1
DA:132,1
DA:133,1
DA:134,2
DA:136,1
LF:91
LH:86
BRDA:25,0,0,0
BRDA:25,0,1,16
BRDA:129,1,0,1
BRDA:129,1,1,0
BRDA:130,2,0,0
BRDA:130,2,1,0
BRDA:131,3,0,1
BRDA:131,3,1,0
BRDA:132,4,0,1
BRDA:132,4,1,0
BRDA:133,5,0,1
BRDA:133,5,1,0
BRDA:134,6,0,2
BRDA:134,6,1,0
BRDA:11,7,0,1
BRDA:11,7,1,0
BRDA:11,8,0,1
BRF:17
BRH:8
end_of_record
TN:
SF:/Users/pwner/Desktop/ricco/skf-flask-rebuild/Angular/src/app/knowledgebase/knowledgebase.component.ts
FN:13,(anonymous_2)
FN:19,KnowledgebaseComponent
FN:21,(anonymous_4)
FN:25,(anonymous_5)
FN:26,(anonymous_6)
FN:27,(anonymous_7)
FNF:6
FNH:5
FNDA:1,(anonymous_2)
FNDA:3,KnowledgebaseComponent
FNDA:3,(anonymous_4)
FNDA:3,(anonymous_5)
FNDA:0,(anonymous_6)
FNDA:3,(anonymous_7)
DA:1,1
DA:2,1
DA:13,1
DA:19,3
DA:21,1
DA:22,3
DA:25,3
DA:26,3
DA:27,3
DA:31,1
LF:10
LH:10
BRDA:19,0,0,1
BRDA:19,0,1,0
BRDA:19,1,0,1
BRF:3
BRH:2
end_of_record
TN:
SF:/Users/pwner/Desktop/ricco/skf-flask-rebuild/Angular/src/app/pipes/order-by.pipe.ts
FN:5,(anonymous_1)
FN:5,OrderBy
FN:7,(anonymous_3)
FN:23,(anonymous_4)
FN:40,(anonymous_5)
FN:49,(anonymous_6)
FNF:6
FNH:3
FNDA:1,(anonymous_1)
FNDA:1,OrderBy
FNDA:0,(anonymous_3)
FNDA:1,(anonymous_4)
FNDA:0,(anonymous_5)
FNDA:0,(anonymous_6)
DA:1,1
DA:5,1
DA:7,1
DA:9,0
DA:11,0
DA:12,0
DA:16,0
DA:17,0
DA:20,0
DA:23,2
DA:25,1
DA:27,1
DA:28,1
DA:29,1
DA:32,1
DA:33,0
DA:36,1
DA:40,1
DA:41,0
DA:49,0
DA:50,0
DA:51,0
DA:52,0
DA:56,0
DA:61,0
DA:64,0
DA:68,1
LF:27
LH:12
BRDA:9,0,0,0
BRDA:9,0,1,0
BRDA:9,1,0,0
BRDA:9,1,1,0
BRDA:9,1,2,0
BRDA:9,1,3,0
BRDA:11,2,0,0
BRDA:11,2,1,0
BRDA:12,3,0,0
BRDA:12,3,1,0
BRDA:16,4,0,0
BRDA:16,4,1,0
BRDA:17,5,0,0
BRDA:17,5,1,0
BRDA:23,6,0,0
BRDA:23,6,1,1
BRDA:25,7,0,0
BRDA:25,7,1,1
BRDA:27,8,0,1
BRDA:27,8,1,0
BRDA:27,9,0,1
BRDA:27,9,1,0
BRDA:27,9,2,0
BRDA:28,10,0,1
BRDA:28,10,1,0
BRDA:32,11,0,0
BRDA:32,11,1,1
BRDA:32,12,0,1
BRDA:32,12,1,1
BRDA:32,12,2,1
BRDA:33,13,0,0
BRDA:33,13,1,0
BRDA:37,14,0,0
BRDA:37,14,1,1
BRDA:36,15,0,1
BRDA:36,15,1,1
BRDA:42,16,0,0
BRDA:42,16,1,0
BRDA:53,17,0,0
BRDA:53,17,1,0
BRDA:52,18,0,0
BRDA:52,18,1,0
BRDA:57,19,0,0
BRDA:57,19,1,0
BRDA:61,20,0,0
BRDA:61,20,1,0
BRF:46
BRH:12
end_of_record
TN:
SF:/Users/pwner/Desktop/ricco/skf-flask-rebuild/Angular/src/app/pipes/starts-with.pipe.ts
FN:8,(anonymous_1)
FN:8,StartsWithPipe
FN:9,(anonymous_3)
FN:11,(anonymous_4)
FNF:4
FNH:3
FNDA:1,(anonymous_1)
FNDA:3,StartsWithPipe
FNDA:8,(anonymous_3)
FNDA:0,(anonymous_4)
DA:1,1
DA:8,1
DA:9,1
DA:10,8
DA:11,0
DA:13,8
DA:15,8
DA:18,1
LF:8
LH:7
BRDA:10,0,0,0
BRDA:10,0,1,8
BRDA:13,1,0,8
BRDA:13,1,1,0
BRF:4
BRH:2
end_of_record
TN:
SF:/Users/pwner/Desktop/ricco/skf-flask-rebuild/Angular/src/app/project-dashboard/project-dashboard.component.ts
FN:18,(anonymous_2)
FN:34,ProjectDashboardComponent
FN:42,(anonymous_4)
FN:43,(anonymous_5)
FN:47,(anonymous_6)
FN:48,(anonymous_7)
FN:54,(anonymous_8)
FN:55,(anonymous_9)
FN:58,(anonymous_10)
FN:66,(anonymous_11)
FN:66,(anonymous_12)
FN:70,(anonymous_13)
FN:76,(anonymous_14)
FN:77,(anonymous_15)
FN:78,(anonymous_16)
FN:78,(anonymous_17)
FN:80,(anonymous_18)
FN:81,(anonymous_19)
FN:88,(anonymous_20)
FN:90,(anonymous_21)
FN:92,(anonymous_22)
FN:93,(anonymous_23)
FN:101,(anonymous_24)
FNF:23
FNH:10
FNDA:1,(anonymous_2)
FNDA:5,ProjectDashboardComponent
FNDA:5,(anonymous_4)
FNDA:5,(anonymous_5)
FNDA:0,(anonymous_6)
FNDA:5,(anonymous_7)
FNDA:0,(anonymous_8)
FNDA:5,(anonymous_9)
FNDA:2,(anonymous_10)
FNDA:0,(anonymous_11)
FNDA:1,(anonymous_12)
FNDA:0,(anonymous_13)
FNDA:0,(anonymous_14)
FNDA:0,(anonymous_15)
FNDA:0,(anonymous_16)
FNDA:0,(anonymous_17)
FNDA:0,(anonymous_18)
FNDA:0,(anonymous_19)
FNDA:1,(anonymous_20)
FNDA:0,(anonymous_21)
FNDA:0,(anonymous_22)
FNDA:0,(anonymous_23)
FNDA:1,(anonymous_24)
DA:1,1
DA:2,1
DA:3,1
DA:4,1
DA:5,1
DA:9,1
DA:18,1
DA:24,5
DA:25,5
DA:28,5
DA:31,5
DA:35,5
DA:36,5
DA:37,5
DA:38,5
DA:39,5
DA:42,5
DA:43,5
DA:44,5
DA:45,5
DA:46,5
DA:47,0
DA:48,5
DA:51,5
DA:54,0
DA:55,5
DA:58,2
DA:59,2
DA:60,2
DA:62,2
DA:63,2
DA:64,2
DA:65,1
DA:66,1
DA:67,1
DA:70,1
DA:71,0
DA:72,0
DA:73,0
DA:74,0
DA:76,0
DA:77,0
DA:78,0
DA:79,0
DA:80,0
DA:81,0
DA:85,0
DA:88,1
DA:89,1
DA:90,0
DA:91,0
DA:92,0
DA:93,0
DA:95,0
DA:97,1
DA:101,1
DA:102,1
DA:104,1
LF:58
LH:40
BRDA:62,0,0,1
BRDA:62,0,1,1
BRDA:63,1,0,1
BRDA:63,1,1,1
BRDA:64,2,0,1
BRDA:64,2,1,1
BRDA:73,3,0,0
BRDA:73,3,1,0
BRDA:89,4,0,0
BRDA:89,4,1,1
BRDA:35,5,0,1
BRDA:35,5,1,0
BRDA:35,6,0,1
BRDA:35,7,0,1
BRDA:35,7,1,1
BRDA:35,7,2,0
BRDA:35,8,0,1
BRDA:35,8,1,1
BRDA:36,9,0,1
BRDA:36,9,1,1
BRDA:36,9,2,0
BRDA:36,10,0,1
BRDA:36,10,1,1
BRDA:37,11,0,1
BRDA:37,11,1,1
BRDA:37,11,2,0
BRDA:37,12,0,1
BRDA:37,12,1,1
BRDA:38,13,0,1
BRDA:38,13,1,1
BRDA:38,13,2,0
BRDA:38,14,0,1
BRDA:38,14,1,1
BRF:33
BRH:25
end_of_record
TN:
SF:/Users/pwner/Desktop/ricco/skf-flask-rebuild/Angular/src/app/project-list/project-list.component.ts
FN:12,(anonymous_2)
FN:19,ProjectListComponent
FN:21,(anonymous_4)
FN:25,(anonymous_5)
FN:27,(anonymous_6)
FN:33,(anonymous_7)
FN:37,(anonymous_8)
FN:43,(anonymous_9)
FN:46,(anonymous_10)
FNF:9
FNH:7
FNDA:1,(anonymous_2)
FNDA:5,ProjectListComponent
FNDA:6,(anonymous_4)
FNDA:1,(anonymous_5)
FNDA:0,(anonymous_6)
FNDA:6,(anonymous_7)
FNDA:0,(anonymous_8)
FNDA:6,(anonymous_9)
FNDA:1,(anonymous_10)
DA:1,1
DA:2,1
DA:4,1
DA:12,1
DA:19,5
DA:21,1
DA:22,6
DA:25,1
DA:26,1
DA:27,0
DA:29,0
DA:33,6
DA:34,6
DA:38,0
DA:39,0
DA:40,0
DA:43,6
DA:46,1
DA:47,1
DA:49,1
LF:20
LH:15
BRDA:26,0,0,0
BRDA:26,0,1,1
BRDA:39,1,0,0
BRDA:39,1,1,0
BRDA:19,2,0,1
BRDA:19,2,1,0
BRDA:19,3,0,1
BRDA:19,4,0,1
BRDA:19,4,1,1
BRDA:19,4,2,0
BRDA:19,5,0,1
BRDA:19,5,1,1
BRF:12
BRH:7
end_of_record
TN:
SF:/Users/pwner/Desktop/ricco/skf-flask-rebuild/Angular/src/app/project-new/project-new.component.ts
FN:18,(anonymous_2)
FN:39,ProjectNewComponent
FN:47,(anonymous_4)
FN:50,(anonymous_5)
FN:51,(anonymous_6)
FN:55,(anonymous_7)
FN:56,(anonymous_8)
FN:60,(anonymous_9)
FN:64,(anonymous_10)
FN:85,(anonymous_11)
FN:85,(anonymous_12)
FN:85,(anonymous_13)
FN:87,(anonymous_14)
FN:87,(anonymous_15)
FN:87,(anonymous_16)
FN:101,(anonymous_17)
FN:102,(anonymous_18)
FN:103,(anonymous_19)
FN:105,(anonymous_20)
FN:106,(anonymous_21)
FN:114,(anonymous_22)
FN:120,(anonymous_23)
FN:125,(anonymous_24)
FNF:23
FNH:4
FNDA:1,(anonymous_2)
FNDA:4,ProjectNewComponent
FNDA:0,(anonymous_4)
FNDA:0,(anonymous_5)
FNDA:0,(anonymous_6)
FNDA:0,(anonymous_7)
FNDA:0,(anonymous_8)
FNDA:0,(anonymous_9)
FNDA:2,(anonymous_10)
FNDA:0,(anonymous_11)
FNDA:0,(anonymous_12)
FNDA:0,(anonymous_13)
FNDA:0,(anonymous_14)
FNDA:0,(anonymous_15)
FNDA:0,(anonymous_16)
FNDA:0,(anonymous_17)
FNDA:0,(anonymous_18)
FNDA:0,(anonymous_19)
FNDA:0,(anonymous_20)
FNDA:0,(anonymous_21)
FNDA:0,(anonymous_22)
FNDA:0,(anonymous_23)
FNDA:2,(anonymous_24)
DA:1,1
DA:2,1
DA:3,1
DA:4,1
DA:5,1
DA:7,1
DA:18,1
DA:28,4
DA:30,4
DA:32,4
DA:33,4
DA:35,4
DA:36,4
DA:40,4
DA:41,4
DA:42,4
DA:43,4
DA:44,4
DA:47,1
DA:49,0
DA:50,0
DA:51,0
DA:54,0
DA:55,0
DA:56,0
DA:60,1
DA:61,0
DA:64,2
DA:65,2
DA:66,2
DA:67,2
DA:68,2
DA:69,2
DA:70,2
DA:71,2
DA:72,2
DA:74,2
DA:77,0
DA:78,0
DA:81,0
DA:82,0
DA:84,0
DA:85,0
DA:86,0
DA:87,0
DA:89,0
DA:90,0
DA:91,0
DA:94,0
DA:95,0
DA:96,0
DA:101,0
DA:102,0
DA:103,0
DA:105,0
DA:106,0
DA:108,0
DA:114,1
DA:115,0
DA:116,0
DA:120,1
DA:121,0
DA:122,0
DA:125,1
DA:126,2
DA:128,1
LF:66
LH:35
BRDA:67,0,0,2
BRDA:67,0,1,0
BRDA:68,1,0,2
BRDA:68,1,1,0
BRDA:69,2,0,2
BRDA:69,2,1,0
BRDA:70,3,0,2
BRDA:70,3,1,0
BRDA:71,4,0,2
BRDA:71,4,1,0
BRDA:72,5,0,2
BRDA:72,5,1,0
BRDA:74,6,0,2
BRDA:74,6,1,0
BRDA:90,7,0,0
BRDA:90,7,1,0
BRDA:95,8,0,0
BRDA:95,8,1,0
BRDA:40,9,0,1
BRDA:40,9,1,0
BRDA:40,10,0,1
BRDA:40,11,0,1
BRDA:40,11,1,1
BRDA:40,11,2,0
BRDA:40,12,0,1
BRDA:40,12,1,1
BRDA:41,13,0,1
BRDA:41,13,1,1
BRDA:41,13,2,0
BRDA:41,14,0,1
BRDA:41,14,1,1
BRDA:42,15,0,1
BRDA:42,15,1,1
BRDA:42,15,2,0
BRDA:42,16,0,1
BRDA:42,16,1,1
BRDA:43,17,0,1
BRDA:43,17,1,1
BRDA:43,17,2,0
BRDA:43,18,0,1
BRDA:43,18,1,1
BRF:41
BRH:25
end_of_record
TN:
SF:/Users/pwner/Desktop/ricco/skf-flask-rebuild/Angular/src/app/project-summary/project-summary.component.ts
FN:15,(anonymous_2)
FN:17,ProjectSummaryComponent
FN:33,(anonymous_4)
FN:34,(anonymous_5)
FN:36,(anonymous_6)
FN:37,(anonymous_7)
FN:41,(anonymous_8)
FN:45,(anonymous_9)
FN:49,(anonymous_10)
FN:50,(anonymous_11)
FN:52,(anonymous_12)
FN:53,(anonymous_13)
FN:54,(anonymous_14)
FN:58,(anonymous_15)
FN:60,(anonymous_16)
FN:61,(anonymous_17)
FN:66,(anonymous_18)
FN:69,(anonymous_19)
FN:71,(anonymous_20)
FN:77,(anonymous_21)
FNF:20
FNH:5
FNDA:1,(anonymous_2)
FNDA:1,ProjectSummaryComponent
FNDA:1,(anonymous_4)
FNDA:1,(anonymous_5)
FNDA:0,(anonymous_6)
FNDA:1,(anonymous_7)
FNDA:0,(anonymous_8)
FNDA:0,(anonymous_9)
FNDA:0,(anonymous_10)
FNDA:0,(anonymous_11)
FNDA:0,(anonymous_12)
FNDA:0,(anonymous_13)
FNDA:0,(anonymous_14)
FNDA:0,(anonymous_15)
FNDA:0,(anonymous_16)
FNDA:0,(anonymous_17)
FNDA:0,(anonymous_18)
FNDA:0,(anonymous_19)
FNDA:0,(anonymous_20)
FNDA:0,(anonymous_21)
DA:1,1
DA:3,1
DA:4,1
DA:5,1
DA:15,1
DA:18,1
DA:19,1
DA:20,1
DA:21,1
DA:30,1
DA:33,1
DA:34,1
DA:35,1
DA:36,0
DA:37,1
DA:41,1
DA:42,0
DA:45,1
DA:46,0
DA:49,1
DA:50,0
DA:51,0
DA:53,0
DA:54,0
DA:58,0
DA:59,0
DA:60,0
DA:61,0
DA:63,0
DA:66,1
DA:67,0
DA:68,0
DA:69,0
DA:70,0
DA:72,0
DA:73,0
DA:74,0
DA:77,0
DA:81,1
LF:39
LH:19
BRDA:73,0,0,0
BRDA:73,0,1,0
BRDA:18,1,0,1
BRDA:18,1,1,0
BRDA:18,2,0,1
BRDA:18,3,0,1
BRDA:18,3,1,1
BRDA:18,3,2,0
BRDA:18,4,0,1
BRDA:18,4,1,1
BRDA:19,5,0,1
BRDA:19,5,1,1
BRDA:19,5,2,0
BRDA:19,6,0,1
BRDA:19,6,1,1
BRDA:20,7,0,1
BRDA:20,7,1,1
BRDA:20,7,2,0
BRDA:20,8,0,1
BRDA:20,8,1,1
BRF:20
BRH:14
end_of_record
TN:
SF:/Users/pwner/Desktop/ricco/skf-flask-rebuild/Angular/src/app/project-summary-audit/project-summary-audit.component.ts
FN:14,(anonymous_2)
FN:16,ProjectSummaryAuditComponent
FN:31,(anonymous_4)
FN:32,(anonymous_5)
FN:34,(anonymous_6)
FN:35,(anonymous_7)
FN:39,(anonymous_8)
FN:40,(anonymous_9)
FN:43,(anonymous_10)
FN:47,(anonymous_11)
FN:48,(anonymous_12)
FN:50,(anonymous_13)
FN:51,(anonymous_14)
FN:52,(anonymous_15)
FN:56,(anonymous_16)
FN:58,(anonymous_17)
FN:59,(anonymous_18)
FN:63,(anonymous_19)
FN:67,(anonymous_20)
FN:69,(anonymous_21)
FN:75,(anonymous_22)
FNF:21
FNH:11
FNDA:1,(anonymous_2)
FNDA:3,ProjectSummaryAuditComponent
FNDA:0,(anonymous_4)
FNDA:0,(anonymous_5)
FNDA:0,(anonymous_6)
FNDA:0,(anonymous_7)
FNDA:0,(anonymous_8)
FNDA:0,(anonymous_9)
FNDA:1,(anonymous_10)
FNDA:1,(anonymous_11)
FNDA:1,(anonymous_12)
FNDA:0,(anonymous_13)
FNDA:1,(anonymous_14)
FNDA:0,(anonymous_15)
FNDA:1,(anonymous_16)
FNDA:0,(anonymous_17)
FNDA:1,(anonymous_18)
FNDA:1,(anonymous_19)
FNDA:1,(anonymous_20)
FNDA:0,(anonymous_21)
FNDA:1,(anonymous_22)
DA:1,1
DA:3,1
DA:4,1
DA:5,1
DA:14,1
DA:17,3
DA:18,3
DA:19,3
DA:20,3
DA:29,3
DA:31,1
DA:32,0
DA:33,0
DA:34,0
DA:35,0
DA:39,1
DA:40,0
DA:43,1
DA:44,1
DA:47,1
DA:48,1
DA:49,1
DA:51,1
DA:52,0
DA:56,1
DA:57,1
DA:58,0
DA:59,1
DA:63,1
DA:64,1
DA:65,1
DA:66,1
DA:67,1
DA:68,1
DA:70,0
DA:71,0
DA:72,0
DA:75,1
DA:79,1
LF:39
LH:29
BRDA:71,0,0,0
BRDA:71,0,1,0
BRDA:17,1,0,1
BRDA:17,1,1,0
BRDA:17,2,0,1
BRDA:17,3,0,1
BRDA:17,3,1,1
BRDA:17,3,2,0
BRDA:17,4,0,1
BRDA:17,4,1,1
BRDA:18,5,0,1
BRDA:18,5,1,1
BRDA:18,5,2,0
BRDA:18,6,0,1
BRDA:18,6,1,1
BRDA:19,7,0,1
BRDA:19,7,1,1
BRDA:19,7,2,0
BRDA:19,8,0,1
BRDA:19,8,1,1
BRF:20
BRH:14
end_of_record
TN:
SF:/Users/pwner/Desktop/ricco/skf-flask-rebuild/Angular/src/app/services/authenticate.service.ts
FN:11,(anonymous_2)
FN:13,AuthenticateService
FN:16,(anonymous_4)
FN:19,(anonymous_5)
FN:22,(anonymous_6)
FN:32,(anonymous_7)
FN:35,(anonymous_8)
FN:40,(anonymous_9)
FNF:8
FNH:7
FNDA:1,(anonymous_2)
FNDA:9,AuthenticateService
FNDA:1,(anonymous_4)
FNDA:1,(anonymous_5)
FNDA:1,(anonymous_6)
FNDA:0,(anonymous_7)
FNDA:1,(anonymous_8)
FNDA:1,(anonymous_9)
DA:1,1
DA:2,1
DA:3,1
DA:6,1
DA:7,1
DA:11,1
DA:13,9
DA:14,9
DA:16,1
DA:17,1
DA:19,1
DA:22,1
DA:23,1
DA:32,0
DA:35,1
DA:36,1
DA:37,1
DA:40,1
DA:41,1
DA:43,1
LF:20
LH:19
BRDA:13,0,0,1
BRDA:13,0,1,0
BRDA:13,1,0,1
BRDA:13,2,0,1
BRDA:13,2,1,1
BRDA:13,2,2,0
BRDA:13,3,0,1
BRDA:13,3,1,1
BRF:8
BRH:6
end_of_record
TN:
SF:/Users/pwner/Desktop/ricco/skf-flask-rebuild/Angular/src/app/services/checklist.service.ts
FN:10,(anonymous_2)
FN:12,ChecklistService
FN:16,(anonymous_4)
FN:18,(anonymous_5)
FNF:4
FNH:4
FNDA:1,(anonymous_2)
FNDA:1,ChecklistService
FNDA:1,(anonymous_4)
FNDA:1,(anonymous_5)
DA:1,1
DA:2,1
DA:6,1
DA:7,1
DA:10,1
DA:12,1
DA:13,1
DA:14,1
DA:16,1
DA:17,1
DA:18,1
DA:33,1
LF:12
LH:12
BRDA:12,0,0,1
BRDA:12,0,1,0
BRDA:12,1,0,1
BRF:3
BRH:2
end_of_record
TN:
SF:/Users/pwner/Desktop/ricco/skf-flask-rebuild/Angular/src/app/services/code-examples.service.ts
FN:10,(anonymous_2)
FN:12,CodeExamplesService
FN:15,(anonymous_4)
FN:25,(anonymous_5)
FNF:4
FNH:4
FNDA:1,(anonymous_2)
FNDA:5,CodeExamplesService
FNDA:6,(anonymous_4)
FNDA:1,(anonymous_5)
DA:1,1
DA:3,1
DA:4,1
DA:6,1
DA:7,1
DA:10,1
DA:12,5
DA:13,5
DA:15,1
DA:16,6
DA:17,4
DA:20,6
DA:21,2
DA:24,6
DA:25,1
DA:27,1
LF:16
LH:16
BRDA:16,0,0,4
BRDA:16,0,1,2
BRDA:20,1,0,2
BRDA:20,1,1,4
BRDA:12,2,0,1
BRDA:12,2,1,0
BRDA:12,3,0,1
BRDA:12,4,0,1
BRDA:12,4,1,1
BRDA:12,4,2,0
BRDA:12,5,0,1
BRDA:12,5,1,1
BRF:12
BRH:10
end_of_record
TN:
SF:/Users/pwner/Desktop/ricco/skf-flask-rebuild/Angular/src/app/services/comment.service.ts
FN:10,(anonymous_2)
FN:12,CommentService
FN:16,(anonymous_4)
FN:25,(anonymous_5)
FN:28,(anonymous_6)
FN:35,(anonymous_7)
FNF:6
FNH:6
FNDA:1,(anonymous_2)
FNDA:6,CommentService
FNDA:2,(anonymous_4)
FNDA:1,(anonymous_5)
FNDA:2,(anonymous_6)
FNDA:1,(anonymous_7)
DA:1,1
DA:2,1
DA:4,1
DA:6,1
DA:7,1
DA:10,1
DA:12,6
DA:13,6
DA:14,6
DA:16,1
DA:17,2
DA:25,1
DA:28,1
DA:29,2
DA:35,1
DA:37,1
LF:16
LH:16
BRDA:12,0,0,1
BRDA:12,0,1,0
BRDA:12,1,0,1
BRDA:12,2,0,1
BRDA:12,2,1,1
BRDA:12,2,2,0
BRDA:12,3,0,1
BRDA:12,3,1,1
BRF:8
BRH:6
end_of_record
TN:
SF:/Users/pwner/Desktop/ricco/skf-flask-rebuild/Angular/src/app/services/knowledgebase.service.ts
FN:9,(anonymous_2)
FN:11,KnowledgebaseService
FN:14,(anonymous_4)
FN:18,(anonymous_5)
FN:19,(anonymous_6)
FNF:5
FNH:5
FNDA:1,(anonymous_2)
FNDA:5,KnowledgebaseService
FNDA:4,(anonymous_4)
FNDA:1,(anonymous_5)
FNDA:3,(anonymous_6)
DA:1,1
DA:2,1
DA:4,1
DA:6,1
DA:9,1
DA:11,5
DA:12,5
DA:13,5
DA:14,4
DA:16,4
DA:17,4
DA:18,1
DA:20,3
DA:22,3
DA:26,4
DA:28,1
LF:16
LH:16
BRDA:16,0,0,4
BRDA:16,0,1,0
BRDA:16,1,0,4
BRDA:16,1,1,0
BRDA:11,2,0,1
BRDA:11,2,1,0
BRDA:11,3,0,1
BRF:7
BRH:4
end_of_record
TN:
SF:/Users/pwner/Desktop/ricco/skf-flask-rebuild/Angular/src/app/services/project.service.ts
FN:11,(anonymous_2)
FN:13,ProjectService
FN:17,(anonymous_4)
FN:26,(anonymous_5)
FN:29,(anonymous_6)
FN:31,(anonymous_7)
FN:34,(anonymous_8)
FN:36,(anonymous_9)
FN:39,(anonymous_10)
FN:43,(anonymous_11)
FN:44,(anonymous_12)
FN:47,(anonymous_13)
FN:50,(anonymous_14)
FNF:13
FNH:11
FNDA:1,(anonymous_2)
FNDA:14,ProjectService
FNDA:1,(anonymous_4)
FNDA:1,(anonymous_5)
FNDA:7,(anonymous_6)
FNDA:1,(anonymous_7)
FNDA:1,(anonymous_8)
FNDA:1,(anonymous_9)
FNDA:1,(anonymous_10)
FNDA:0,(anonymous_11)
FNDA:0,(anonymous_12)
FNDA:1,(anonymous_13)
FNDA:1,(anonymous_14)
DA:1,1
DA:2,1
DA:5,1
DA:7,1
DA:8,1
DA:11,1
DA:13,14
DA:14,14
DA:15,14
DA:17,1
DA:18,1
DA:26,1
DA:29,1
DA:30,7
DA:31,1
DA:34,1
DA:35,1
DA:36,1
DA:39,1
DA:40,1
DA:41,1
DA:43,0
DA:44,0
DA:47,1
DA:48,1
DA:49,1
DA:50,1
DA:52,1
LF:28
LH:26
BRDA:13,0,0,1
BRDA:13,0,1,0
BRDA:13,1,0,1
BRDA:13,2,0,1
BRDA:13,2,1,1
BRDA:13,2,2,0
BRDA:13,3,0,1
BRDA:13,3,1,1
BRF:8
BRH:6
end_of_record
TN:
SF:/Users/pwner/Desktop/ricco/skf-flask-rebuild/Angular/src/app/services/questions-pre.service.ts
FN:9,(anonymous_2)
FN:11,QuestionPreService
FN:15,(anonymous_4)
FN:17,(anonymous_5)
FN:20,(anonymous_6)
FN:24,(anonymous_7)
FN:27,(anonymous_8)
FN:30,(anonymous_9)
FNF:8
FNH:6
FNDA:1,(anonymous_2)
FNDA:11,QuestionPreService
FNDA:1,(anonymous_4)
FNDA:1,(anonymous_5)
FNDA:1,(anonymous_6)
FNDA:1,(anonymous_7)
FNDA:0,(anonymous_8)
FNDA:0,(anonymous_9)
DA:1,1
DA:2,1
DA:5,1
DA:6,1
DA:9,1
DA:11,11
DA:13,11
DA:15,1
DA:16,1
DA:17,1
DA:20,1
DA:21,1
DA:24,1
DA:27,1
DA:28,0
DA:30,0
DA:33,1
LF:17
LH:15
BRDA:11,0,0,1
BRDA:11,0,1,0
BRDA:11,1,0,1
BRF:3
BRH:2
end_of_record
TN:
SF:/Users/pwner/Desktop/ricco/skf-flask-rebuild/Angular/src/app/services/questions-sprint.service.ts
FN:10,(anonymous_2)
FN:12,QuestionsSprintService
FN:16,(anonymous_4)
FN:18,(anonymous_5)
FN:21,(anonymous_6)
FN:25,(anonymous_7)
FNF:6
FNH:6
FNDA:1,(anonymous_2)
FNDA:11,QuestionsSprintService
FNDA:6,(anonymous_4)
FNDA:1,(anonymous_5)
FNDA:1,(anonymous_6)
FNDA:1,(anonymous_7)
DA:1,1
DA:2,1
DA:6,1
DA:7,1
DA:10,1
DA:12,11
DA:14,11
DA:16,1
DA:17,6
DA:18,1
DA:21,1
DA:22,1
DA:26,1
DA:29,1
LF:14
LH:14
BRDA:12,0,0,1
BRDA:12,0,1,0
BRDA:12,1,0,1
BRF:3
BRH:2
end_of_record
TN:
SF:/Users/pwner/Desktop/ricco/skf-flask-rebuild/Angular/src/app/services/sprint.service.ts
FN:10,(anonymous_2)
FN:12,SprintService
FN:20,(anonymous_4)
FN:28,(anonymous_5)
FN:31,(anonymous_6)
FN:33,(anonymous_7)
FN:36,(anonymous_8)
FN:38,(anonymous_9)
FN:41,(anonymous_10)
FN:43,(anonymous_11)
FN:46,(anonymous_12)
FN:50,(anonymous_13)
FN:51,(anonymous_14)
FNF:13
FNH:8
FNDA:1,(anonymous_2)
FNDA:14,SprintService
FNDA:1,(anonymous_4)
FNDA:0,(anonymous_5)
FNDA:5,(anonymous_6)
FNDA:0,(anonymous_7)
FNDA:1,(anonymous_8)
FNDA:0,(anonymous_9)
FNDA:1,(anonymous_10)
FNDA:0,(anonymous_11)
FNDA:1,(anonymous_12)
FNDA:1,(anonymous_13)
FNDA:0,(anonymous_14)
DA:1,1
DA:2,1
DA:3,1
DA:6,1
DA:7,1
DA:10,1
DA:13,14
DA:14,14
DA:17,14
DA:18,14
DA:20,1
DA:21,1
DA:28,0
DA:31,1
DA:32,5
DA:33,0
DA:36,1
DA:37,1
DA:38,0
DA:41,1
DA:42,1
DA:43,0
DA:46,1
DA:47,1
DA:48,1
DA:50,1
DA:51,0
DA:53,1
LF:28
LH:23
BRDA:13,0,0,1
BRDA:13,0,1,0
BRDA:13,1,0,1
BRDA:13,2,0,1
BRDA:13,2,1,1
BRDA:13,2,2,0
BRDA:13,3,0,1
BRDA:13,3,1,1
BRF:8
BRH:6
end_of_record
TN:
SF:/Users/pwner/Desktop/ricco/skf-flask-rebuild/Angular/src/app/services/user-add.service.ts
FN:10,(anonymous_2)
FN:12,UserAddService
FN:15,(anonymous_4)
FN:23,(anonymous_5)
FNF:4
FNH:4
FNDA:1,(anonymous_2)
FNDA:3,UserAddService
FNDA:1,(anonymous_4)
FNDA:1,(anonymous_5)
DA:1,1
DA:3,1
DA:4,1
DA:6,1
DA:7,1
DA:10,1
DA:12,3
DA:13,3
DA:15,1
DA:17,1
DA:23,1
DA:25,1
LF:12
LH:12
BRDA:12,0,0,1
BRDA:12,0,1,0
BRDA:12,1,0,1
BRDA:12,2,0,1
BRDA:12,2,1,1
BRDA:12,2,2,0
BRDA:12,3,0,1
BRDA:12,3,1,1
BRF:8
BRH:6
end_of_record
TN:
SF:/Users/pwner/Desktop/ricco/skf-flask-rebuild/Angular/src/app/services/user-manage.service.ts
FN:10,(anonymous_2)
FN:12,UserService
FN:16,(anonymous_4)
FN:18,(anonymous_5)
FN:21,(anonymous_6)
FN:28,(anonymous_7)
FN:31,(anonymous_8)
FN:38,(anonymous_9)
FNF:8
FNH:8
FNDA:1,(anonymous_2)
FNDA:9,UserService
FNDA:8,(anonymous_4)
FNDA:1,(anonymous_5)
FNDA:1,(anonymous_6)
FNDA:1,(anonymous_7)
FNDA:1,(anonymous_8)
FNDA:1,(anonymous_9)
DA:1,1
DA:2,1
DA:4,1
DA:6,1
DA:7,1
DA:10,1
DA:12,9
DA:13,9
DA:14,9
DA:16,1
DA:17,8
DA:18,1
DA:21,1
DA:22,1
DA:23,1
DA:28,1
DA:31,1
DA:32,1
DA:33,1
DA:38,1
DA:40,1
LF:21
LH:21
BRDA:12,0,0,1
BRDA:12,0,1,0
BRDA:12,1,0,1
BRDA:12,2,0,1
BRDA:12,2,1,1
BRDA:12,2,2,0
BRDA:12,3,0,1
BRDA:12,3,1,1
BRF:8
BRH:6
end_of_record
TN:
SF:/Users/pwner/Desktop/ricco/skf-flask-rebuild/Angular/src/app/user-add/user-add.component.ts
FN:12,(anonymous_2)
FN:18,UserAddComponent
FN:20,(anonymous_4)
FN:29,(anonymous_5)
FN:30,(anonymous_6)
FNF:5
FNH:3
FNDA:1,(anonymous_2)
FNDA:2,UserAddComponent
FNDA:1,(anonymous_4)
FNDA:0,(anonymous_5)
FNDA:0,(anonymous_6)
DA:1,1
DA:2,1
DA:4,1
DA:12,1
DA:16,2
DA:18,2
DA:20,1
DA:21,1
DA:22,1
DA:23,1
DA:25,1
DA:27,0
DA:29,0
DA:30,0
DA:32,0
DA:34,1
LF:16
LH:12
BRDA:23,0,0,1
BRDA:23,0,1,0
BRDA:25,1,0,1
BRDA:25,1,1,0
BRDA:18,2,0,1
BRDA:18,2,1,0
BRDA:18,3,0,1
BRDA:18,4,0,1
BRDA:18,4,1,1
BRDA:18,4,2,0
BRDA:18,5,0,1
BRDA:18,5,1,1
BRF:12
BRH:8
end_of_record
TN:
SF:/Users/pwner/Desktop/ricco/skf-flask-rebuild/Angular/src/app/user-manage/user-manage.component.ts
FN:13,(anonymous_2)
FN:21,UserManageComponent
FN:23,(anonymous_4)
FN:27,(anonymous_5)
FN:29,(anonymous_6)
FN:35,(anonymous_7)
FN:37,(anonymous_8)
FN:43,(anonymous_9)
FN:47,(anonymous_10)
FN:50,(anonymous_11)
FN:53,(anonymous_12)
FNF:11
FNH:8
FNDA:1,(anonymous_2)
FNDA:6,UserManageComponent
FNDA:6,(anonymous_4)
FNDA:1,(anonymous_5)
FNDA:0,(anonymous_6)
FNDA:1,(anonymous_7)
FNDA:0,(anonymous_8)
FNDA:7,(anonymous_9)
FNDA:0,(anonymous_10)
FNDA:5,(anonymous_11)
FNDA:1,(anonymous_12)
DA:1,1
DA:2,1
DA:4,1
DA:13,1
DA:21,6
DA:23,1
DA:24,6
DA:27,1
DA:28,1
DA:29,0
DA:31,0
DA:35,1
DA:36,1
DA:37,0
DA:39,0
DA:43,7
DA:44,7
DA:48,0
DA:50,5
DA:53,1
DA:54,1
DA:56,1
LF:22
LH:17
BRDA:28,0,0,0
BRDA:28,0,1,1
BRDA:36,1,0,0
BRDA:36,1,1,1
BRDA:21,2,0,1
BRDA:21,2,1,0
BRDA:21,3,0,1
BRDA:21,4,0,1
BRDA:21,4,1,1
BRDA:21,4,2,0
BRDA:21,5,0,1
BRDA:21,5,1,1
BRF:12
BRH:8
end_of_record
TN:
SF:/Users/pwner/Desktop/ricco/skf-flask-rebuild/Angular/src/environments/environment.ts
FNF:0
FNH:0
DA:6,1
LF:1
LH:1
BRF:0
BRH:0
end_of_record
